#
# A fatal error has been detected by the Java Runtime Environment:
#
#  SIGSEGV (0xb) at pc=0x00007f67a6cf6a26, pid=33809, tid=33833
#
# JRE version: OpenJDK Runtime Environment (21.0.2+13) (build 21.0.2+13-Ubuntu-122.04.1)
# Java VM: OpenJDK 64-Bit Server VM (21.0.2+13-Ubuntu-122.04.1, mixed mode, sharing, tiered, compressed oops, compressed class ptrs, g1 gc, linux-amd64)
# Problematic frame:
# C  [libnvwgf2umx.so+0x2c9fa26]
#
# No core dump will be written. Core dumps have been disabled. To enable core dumping, try "ulimit -c unlimited" before starting Java again
#
# If you would like to submit a bug report, please visit:
#   Unknown
#

---------------  S U M M A R Y ------------

Command Line: --module-path=/usr/share/openjfx/lib --add-modules=javafx.controls,javafx.fxml,javafx.graphics BudgetUI

Host: Intel(R) Core(TM) i7-9750H CPU @ 2.60GHz, 12 cores, 7G, Ubuntu 22.04.3 LTS
Time: Wed May  1 18:31:25 2024 EDT elapsed time: 111.936245 seconds (0d 0h 1m 51s)

---------------  T H R E A D  ---------------

Current thread is native thread

Stack: [0x00007f67e43a4000,0x00007f67e4ba4000],  sp=0x00007f67e4ba2da0,  free space=8187k
Native frames: (J=compiled Java code, j=interpreted, Vv=VM code, C=native code)
C  [libnvwgf2umx.so+0x2c9fa26]

siginfo: si_signo: 11 (SIGSEGV), si_code: 1 (SEGV_MAPERR), si_addr: 0x00007f68381f8000

Registers:
RAX=0x0000000000000010, RBX=0x00007f67b41e2be0, RCX=0x00007f67b41e3a01, RDX=0x00007f67e4ba2db0
RSP=0x00007f67e4ba2da0, RBP=0x0000000000000000, RSI=0x00007f67b41e2be0, RDI=0x00007f67b4169d80
R8 =0x00007f67b4169d80, R9 =0x00007ffcbca74080, R10=0x00007f67e4ba2d90, R11=0x4e25c60ae8b8ff09
R12=0x00007f67e4ba2e07, R13=0x0000000000000000, R14=0x00007f68381f8000, R15=0x0000000000000000
RIP=0x00007f67a6cf6a26, EFLAGS=0x0000000000010246, CSGSFS=0x002b000000000033, ERR=0x0000000000000004
  TRAPNO=0x000000000000000e


Top of Stack: (sp=0x00007f67e4ba2da0)
0x00007f67e4ba2da0:   00007f67b4169d80 b41e3a01b4169e88
0x00007f67e4ba2db0:   0000000000000001 00007f67e4ba2db0
0x00007f67e4ba2dc0:   00007f67e4ba2e07 00007f67b4169d80
0x00007f67e4ba2dd0:   00007f67b41e2be0 00007f67e4ba2e07
0x00007f67e4ba2de0:   00007f67b4169e88 00007f67e4ba2e06
0x00007f67e4ba2df0:   0000000000000000 00007f67a6cf564e
0x00007f67e4ba2e00:   0000000000000000 0000000000000000
0x00007f67e4ba2e10:   0000000000000000 00007f67e4ba3640
0x00007f67e4ba2e20:   00007f67e4ba3640 0000000000000002
0x00007f67e4ba2e30:   00007f686b05b7d0 00007f683ae982e0
0x00007f67e4ba2e40:   0000000000000000 00007f67a6cf55c6
0x00007f67e4ba2e50:   00007f67e4ba3640 00007f686b05bac3
0x00007f67e4ba2e60:   0000000000000000 00007f67e4ba3640
0x00007f67e4ba2e70:   00007f683ae98180 815f0a317428befc
0x00007f67e4ba2e80:   00007f67e4ba3640 0000000000000002
0x00007f67e4ba2e90:   00007f686b05b7d0 00007f683ae982e0
0x00007f67e4ba2ea0:   7f90c34528e8befc 7f8fdc3a05aabefc
0x00007f67e4ba2eb0:   0000000000000000 0000000000000000
0x00007f67e4ba2ec0:   0000000000000000 0000000000000000
0x00007f67e4ba2ed0:   0000000000000000 c373ecd7a87f3500
0x00007f67e4ba2ee0:   0000000000000000 00007f683ae98180
0x00007f67e4ba2ef0:   0000000000000000 00007f686b0ed850
0x00007f67e4ba2f00:   0000000000000000 0000000000000000
0x00007f67e4ba2f10:   0000000000000000 0000000000000000
0x00007f67e4ba2f20:   0000000000000000 0000000000000000
0x00007f67e4ba2f30:   0000000000000000 0000000000000000
0x00007f67e4ba2f40:   0000000000000000 0000000000000000
0x00007f67e4ba2f50:   0000000000000000 0000000000000000
0x00007f67e4ba2f60:   0000000000000000 0000000000000000
0x00007f67e4ba2f70:   0000000000000000 0000000000000000
0x00007f67e4ba2f80:   0000000000000000 0000000000000000
0x00007f67e4ba2f90:   0000000000000000 0000000000000000 

Instructions: (pc=0x00007f67a6cf6a26)
0x00007f67a6cf6926:   8d 7c 24 30 e8 91 db 8b fe 4c 89 ff e8 89 db 8b
0x00007f67a6cf6936:   fe 48 8b 44 24 38 48 81 c4 88 00 00 00 5b 41 5c
0x00007f67a6cf6946:   41 5d 41 5e 41 5f 5d c3 eb 0a eb 37 eb 35 eb 44
0x00007f67a6cf6956:   eb 02 eb 2f 48 89 c3 48 8d 7c 24 30 e8 59 db 8b
0x00007f67a6cf6966:   fe eb 23 eb 1e 48 89 c3 48 8d 7c 24 30 e8 48 db
0x00007f67a6cf6976:   8b fe eb 03 48 89 c3 48 8d 7c 24 48 e8 39 db 8b
0x00007f67a6cf6986:   fe eb 03 48 89 c3 48 8d 7c 24 40 e8 2a db 8b fe
0x00007f67a6cf6996:   eb 05 eb 00 48 89 c3 48 8b 7c 24 38 e8 19 db 8b
0x00007f67a6cf69a6:   fe 48 89 df e8 c1 0f 75 fe cc 55 41 57 41 56 41
0x00007f67a6cf69b6:   55 41 54 53 48 83 ec 28 f6 47 28 10 0f 84 53 01
0x00007f67a6cf69c6:   00 00 48 89 f3 8b 46 10 85 c0 0f 84 45 01 00 00
0x00007f67a6cf69d6:   49 89 d4 49 89 f8 4c 8b 73 28 b1 01 89 4c 24 0c
0x00007f67a6cf69e6:   45 31 ff 48 8d 54 24 10 45 31 ed 4c 89 64 24 20
0x00007f67a6cf69f6:   48 89 3c 24 48 89 54 24 18 eb 25 90 90 90 90 90
0x00007f67a6cf6a06:   90 90 90 90 90 90 90 90 90 90 8b 43 10 49 83 c5
0x00007f67a6cf6a16:   01 89 c1 41 83 c7 01 49 39 cd 0f 83 f5 00 00 00
0x00007f67a6cf6a26:   43 8b 0c ae 0f b7 c9 42 3b 8c ab 4c 04 00 00 74
0x00007f67a6cf6a36:   dc 42 89 8c ab 4c 04 00 00 8b 4b 0c 85 c9 74 cd
0x00007f67a6cf6a46:   31 ed eb 1e 8b 73 04 4c 89 c7 44 89 ea 89 e9 e8
0x00007f67a6cf6a56:   96 3b 03 00 4c 8b 04 24 83 c5 01 8b 4b 0c 39 cd
0x00007f67a6cf6a66:   73 a8 41 0f af cf 01 e9 41 0f b6 84 0e 80 90 00
0x00007f67a6cf6a76:   00 24 7f 8d 50 e0 80 fa 14 77 dd 48 8b 93 50 08
0x00007f67a6cf6a86:   00 00 3a 04 0a 74 d1 88 04 0a 41 c6 04 24 01 41
0x00007f67a6cf6a96:   80 78 2d 00 75 ae f6 44 24 0c 01 75 09 41 f6 40
0x00007f67a6cf6aa6:   28 20 75 b4 eb 33 4c 8d 64 24 10 4c 89 e7 4c 89
0x00007f67a6cf6ab6:   c6 48 89 da e8 01 2a 03 00 48 8b 3c 24 4c 89 e6
0x00007f67a6cf6ac6:   e8 75 e0 ff ff 4c 89 e7 e8 ed d9 8b fe c7 44 24
0x00007f67a6cf6ad6:   0c 00 00 00 00 4c 8b 04 24 8b 53 04 45 0f b6 48
0x00007f67a6cf6ae6:   2c 4c 8d 64 24 10 4c 89 e7 4c 89 c6 44 89 e9 41
0x00007f67a6cf6af6:   89 e8 e8 e3 29 03 00 48 8b 3c 24 4c 89 e6 e8 37
0x00007f67a6cf6b06:   e0 ff ff 4c 89 e7 e8 af d9 8b fe 4c 8b 64 24 20
0x00007f67a6cf6b16:   e9 3f ff ff ff 48 83 c4 28 5b 41 5c 41 5d 41 5e 



---------------  P R O C E S S  ---------------

VM state: at safepoint (shutting down)

VM Mutex/Monitor currently owned by a thread:  ([mutex/lock_event])
[0x00007f686af90d80] Threads_lock - owner thread: 0x00007f6864141c20

Heap address: 0x0000000085600000, size: 1962 MB, Compressed Oops mode: 32-bit

CDS archive(s) mapped at: [0x00007f67eb000000-0x00007f67ebca6000-0x00007f67ebca6000), size 13262848, SharedBaseAddress: 0x00007f67eb000000, ArchiveRelocationMode: 1.
Compressed class space mapped at: 0x00007f67ec000000-0x00007f682c000000, reserved size: 1073741824
Narrow klass base: 0x00007f67eb000000, Narrow klass shift: 0, Narrow klass range: 0x100000000

GC Precious Log:
<Skipped>

Heap:
 garbage-first heap   total 129024K, used 60277K [0x0000000085600000, 0x0000000100000000)
  region size 1024K, 49 young (50176K), 2 survivors (2048K)
 Metaspace       used 13370K, committed 13632K, reserved 1114112K
  class space    used 1808K, committed 1920K, reserved 1048576K

Heap Regions: E=young(eden), S=young(survivor), O=old, HS=humongous(starts), HC=humongous(continues), CS=collection set, F=free, TAMS=top-at-mark-start, PB=parsable bottom
|   0|0x0000000085600000, 0x0000000085700000, 0x0000000085700000|100%|HS|  |TAMS 0x0000000085600000| PB 0x0000000085600000| Complete 
|   1|0x0000000085700000, 0x0000000085800000, 0x0000000085800000|100%|HC|  |TAMS 0x0000000085700000| PB 0x0000000085700000| Complete 
|   2|0x0000000085800000, 0x0000000085900000, 0x0000000085900000|100%|HC|  |TAMS 0x0000000085800000| PB 0x0000000085800000| Complete 
|   3|0x0000000085900000, 0x0000000085a00000, 0x0000000085a00000|100%|HC|  |TAMS 0x0000000085900000| PB 0x0000000085900000| Complete 
|   4|0x0000000085a00000, 0x0000000085b00000, 0x0000000085b00000|100%|HC|  |TAMS 0x0000000085a00000| PB 0x0000000085a00000| Complete 
|   5|0x0000000085b00000, 0x0000000085c00000, 0x0000000085c00000|100%|HC|  |TAMS 0x0000000085b00000| PB 0x0000000085b00000| Complete 
|   6|0x0000000085c00000, 0x0000000085d00000, 0x0000000085d00000|100%|HC|  |TAMS 0x0000000085c00000| PB 0x0000000085c00000| Complete 
|   7|0x0000000085d00000, 0x0000000085e00000, 0x0000000085e00000|100%|HC|  |TAMS 0x0000000085d00000| PB 0x0000000085d00000| Complete 
|   8|0x0000000085e00000, 0x0000000085f00000, 0x0000000085f00000|100%|HC|  |TAMS 0x0000000085e00000| PB 0x0000000085e00000| Complete 
|   9|0x0000000085f00000, 0x0000000086000000, 0x0000000086000000|100%|HS|  |TAMS 0x0000000085f00000| PB 0x0000000085f00000| Complete 
|  10|0x0000000086000000, 0x0000000086000000, 0x0000000086100000|  0%| F|  |TAMS 0x0000000086000000| PB 0x0000000086000000| Untracked 
|  11|0x0000000086100000, 0x0000000086100000, 0x0000000086200000|  0%| F|  |TAMS 0x0000000086100000| PB 0x0000000086100000| Untracked 
|  12|0x0000000086200000, 0x0000000086200000, 0x0000000086300000|  0%| F|  |TAMS 0x0000000086200000| PB 0x0000000086200000| Untracked 
|  13|0x0000000086300000, 0x0000000086300000, 0x0000000086400000|  0%| F|  |TAMS 0x0000000086300000| PB 0x0000000086300000| Untracked 
|  14|0x0000000086400000, 0x0000000086400000, 0x0000000086500000|  0%| F|  |TAMS 0x0000000086400000| PB 0x0000000086400000| Untracked 
|  15|0x0000000086500000, 0x0000000086500000, 0x0000000086600000|  0%| F|  |TAMS 0x0000000086500000| PB 0x0000000086500000| Untracked 
|  16|0x0000000086600000, 0x0000000086600000, 0x0000000086700000|  0%| F|  |TAMS 0x0000000086600000| PB 0x0000000086600000| Untracked 
|  17|0x0000000086700000, 0x0000000086700000, 0x0000000086800000|  0%| F|  |TAMS 0x0000000086700000| PB 0x0000000086700000| Untracked 
|  18|0x0000000086800000, 0x0000000086800000, 0x0000000086900000|  0%| F|  |TAMS 0x0000000086800000| PB 0x0000000086800000| Untracked 
|  19|0x0000000086900000, 0x0000000086900000, 0x0000000086a00000|  0%| F|  |TAMS 0x0000000086900000| PB 0x0000000086900000| Untracked 
|  20|0x0000000086a00000, 0x0000000086a00000, 0x0000000086b00000|  0%| F|  |TAMS 0x0000000086a00000| PB 0x0000000086a00000| Untracked 
|  21|0x0000000086b00000, 0x0000000086b00000, 0x0000000086c00000|  0%| F|  |TAMS 0x0000000086b00000| PB 0x0000000086b00000| Untracked 
|  22|0x0000000086c00000, 0x0000000086c00000, 0x0000000086d00000|  0%| F|  |TAMS 0x0000000086c00000| PB 0x0000000086c00000| Untracked 
|  23|0x0000000086d00000, 0x0000000086d00000, 0x0000000086e00000|  0%| F|  |TAMS 0x0000000086d00000| PB 0x0000000086d00000| Untracked 
|  24|0x0000000086e00000, 0x0000000086e00000, 0x0000000086f00000|  0%| F|  |TAMS 0x0000000086e00000| PB 0x0000000086e00000| Untracked 
|  25|0x0000000086f00000, 0x0000000086f00000, 0x0000000087000000|  0%| F|  |TAMS 0x0000000086f00000| PB 0x0000000086f00000| Untracked 
|  26|0x0000000087000000, 0x0000000087000000, 0x0000000087100000|  0%| F|  |TAMS 0x0000000087000000| PB 0x0000000087000000| Untracked 
|  27|0x0000000087100000, 0x0000000087100000, 0x0000000087200000|  0%| F|  |TAMS 0x0000000087100000| PB 0x0000000087100000| Untracked 
|  28|0x0000000087200000, 0x0000000087200000, 0x0000000087300000|  0%| F|  |TAMS 0x0000000087200000| PB 0x0000000087200000| Untracked 
|  29|0x0000000087300000, 0x0000000087300000, 0x0000000087400000|  0%| F|  |TAMS 0x0000000087300000| PB 0x0000000087300000| Untracked 
|  30|0x0000000087400000, 0x0000000087400000, 0x0000000087500000|  0%| F|  |TAMS 0x0000000087400000| PB 0x0000000087400000| Untracked 
|  31|0x0000000087500000, 0x0000000087500000, 0x0000000087600000|  0%| F|  |TAMS 0x0000000087500000| PB 0x0000000087500000| Untracked 
|  32|0x0000000087600000, 0x0000000087600000, 0x0000000087700000|  0%| F|  |TAMS 0x0000000087600000| PB 0x0000000087600000| Untracked 
|  33|0x0000000087700000, 0x0000000087700000, 0x0000000087800000|  0%| F|  |TAMS 0x0000000087700000| PB 0x0000000087700000| Untracked 
|  34|0x0000000087800000, 0x0000000087800000, 0x0000000087900000|  0%| F|  |TAMS 0x0000000087800000| PB 0x0000000087800000| Untracked 
|  35|0x0000000087900000, 0x0000000087900000, 0x0000000087a00000|  0%| F|  |TAMS 0x0000000087900000| PB 0x0000000087900000| Untracked 
|  36|0x0000000087a00000, 0x0000000087a00000, 0x0000000087b00000|  0%| F|  |TAMS 0x0000000087a00000| PB 0x0000000087a00000| Untracked 
|  37|0x0000000087b00000, 0x0000000087b00000, 0x0000000087c00000|  0%| F|  |TAMS 0x0000000087b00000| PB 0x0000000087b00000| Untracked 
|  38|0x0000000087c00000, 0x0000000087c00000, 0x0000000087d00000|  0%| F|  |TAMS 0x0000000087c00000| PB 0x0000000087c00000| Untracked 
|  39|0x0000000087d00000, 0x0000000087d00000, 0x0000000087e00000|  0%| F|  |TAMS 0x0000000087d00000| PB 0x0000000087d00000| Untracked 
|  40|0x0000000087e00000, 0x0000000087e00000, 0x0000000087f00000|  0%| F|  |TAMS 0x0000000087e00000| PB 0x0000000087e00000| Untracked 
|  41|0x0000000087f00000, 0x0000000087f00000, 0x0000000088000000|  0%| F|  |TAMS 0x0000000087f00000| PB 0x0000000087f00000| Untracked 
|  42|0x0000000088000000, 0x0000000088000000, 0x0000000088100000|  0%| F|  |TAMS 0x0000000088000000| PB 0x0000000088000000| Untracked 
|  43|0x0000000088100000, 0x0000000088100000, 0x0000000088200000|  0%| F|  |TAMS 0x0000000088100000| PB 0x0000000088100000| Untracked 
|  44|0x0000000088200000, 0x0000000088200000, 0x0000000088300000|  0%| F|  |TAMS 0x0000000088200000| PB 0x0000000088200000| Untracked 
|  45|0x0000000088300000, 0x0000000088300000, 0x0000000088400000|  0%| F|  |TAMS 0x0000000088300000| PB 0x0000000088300000| Untracked 
|  46|0x0000000088400000, 0x0000000088400000, 0x0000000088500000|  0%| F|  |TAMS 0x0000000088400000| PB 0x0000000088400000| Untracked 
|  47|0x0000000088500000, 0x0000000088500000, 0x0000000088600000|  0%| F|  |TAMS 0x0000000088500000| PB 0x0000000088500000| Untracked 
|  48|0x0000000088600000, 0x0000000088600000, 0x0000000088700000|  0%| F|  |TAMS 0x0000000088600000| PB 0x0000000088600000| Untracked 
|  49|0x0000000088700000, 0x0000000088700000, 0x0000000088800000|  0%| F|  |TAMS 0x0000000088700000| PB 0x0000000088700000| Untracked 
|  50|0x0000000088800000, 0x0000000088800000, 0x0000000088900000|  0%| F|  |TAMS 0x0000000088800000| PB 0x0000000088800000| Untracked 
|  51|0x0000000088900000, 0x0000000088900000, 0x0000000088a00000|  0%| F|  |TAMS 0x0000000088900000| PB 0x0000000088900000| Untracked 
|  52|0x0000000088a00000, 0x0000000088a00000, 0x0000000088b00000|  0%| F|  |TAMS 0x0000000088a00000| PB 0x0000000088a00000| Untracked 
|  53|0x0000000088b00000, 0x0000000088b00000, 0x0000000088c00000|  0%| F|  |TAMS 0x0000000088b00000| PB 0x0000000088b00000| Untracked 
|  54|0x0000000088c00000, 0x0000000088c00000, 0x0000000088d00000|  0%| F|  |TAMS 0x0000000088c00000| PB 0x0000000088c00000| Untracked 
|  55|0x0000000088d00000, 0x0000000088d00000, 0x0000000088e00000|  0%| F|  |TAMS 0x0000000088d00000| PB 0x0000000088d00000| Untracked 
|  56|0x0000000088e00000, 0x0000000088e00000, 0x0000000088f00000|  0%| F|  |TAMS 0x0000000088e00000| PB 0x0000000088e00000| Untracked 
|  57|0x0000000088f00000, 0x0000000088f00000, 0x0000000089000000|  0%| F|  |TAMS 0x0000000088f00000| PB 0x0000000088f00000| Untracked 
|  58|0x0000000089000000, 0x0000000089000000, 0x0000000089100000|  0%| F|  |TAMS 0x0000000089000000| PB 0x0000000089000000| Untracked 
|  59|0x0000000089100000, 0x0000000089100000, 0x0000000089200000|  0%| F|  |TAMS 0x0000000089100000| PB 0x0000000089100000| Untracked 
|  60|0x0000000089200000, 0x0000000089200000, 0x0000000089300000|  0%| F|  |TAMS 0x0000000089200000| PB 0x0000000089200000| Untracked 
|  61|0x0000000089300000, 0x0000000089300000, 0x0000000089400000|  0%| F|  |TAMS 0x0000000089300000| PB 0x0000000089300000| Untracked 
|  62|0x0000000089400000, 0x0000000089400000, 0x0000000089500000|  0%| F|  |TAMS 0x0000000089400000| PB 0x0000000089400000| Untracked 
|  63|0x0000000089500000, 0x0000000089500000, 0x0000000089600000|  0%| F|  |TAMS 0x0000000089500000| PB 0x0000000089500000| Untracked 
|  64|0x0000000089600000, 0x0000000089600000, 0x0000000089700000|  0%| F|  |TAMS 0x0000000089600000| PB 0x0000000089600000| Untracked 
|  65|0x0000000089700000, 0x0000000089700000, 0x0000000089800000|  0%| F|  |TAMS 0x0000000089700000| PB 0x0000000089700000| Untracked 
|  66|0x0000000089800000, 0x0000000089800000, 0x0000000089900000|  0%| F|  |TAMS 0x0000000089800000| PB 0x0000000089800000| Untracked 
|  67|0x0000000089900000, 0x0000000089900000, 0x0000000089a00000|  0%| F|  |TAMS 0x0000000089900000| PB 0x0000000089900000| Untracked 
|  68|0x0000000089a00000, 0x0000000089a00000, 0x0000000089b00000|  0%| F|  |TAMS 0x0000000089a00000| PB 0x0000000089a00000| Untracked 
|  69|0x0000000089b00000, 0x0000000089b00000, 0x0000000089c00000|  0%| F|  |TAMS 0x0000000089b00000| PB 0x0000000089b00000| Untracked 
|  70|0x0000000089c00000, 0x0000000089c00000, 0x0000000089d00000|  0%| F|  |TAMS 0x0000000089c00000| PB 0x0000000089c00000| Untracked 
|  71|0x0000000089d00000, 0x0000000089d00000, 0x0000000089e00000|  0%| F|  |TAMS 0x0000000089d00000| PB 0x0000000089d00000| Untracked 
|  72|0x0000000089e00000, 0x0000000089e00000, 0x0000000089f00000|  0%| F|  |TAMS 0x0000000089e00000| PB 0x0000000089e00000| Untracked 
|  73|0x0000000089f00000, 0x0000000089f00000, 0x000000008a000000|  0%| F|  |TAMS 0x0000000089f00000| PB 0x0000000089f00000| Untracked 
|  74|0x000000008a000000, 0x000000008a000000, 0x000000008a100000|  0%| F|  |TAMS 0x000000008a000000| PB 0x000000008a000000| Untracked 
|  75|0x000000008a100000, 0x000000008a100800, 0x000000008a200000|  0%| E|  |TAMS 0x000000008a100000| PB 0x000000008a100000| Complete 
|  76|0x000000008a200000, 0x000000008a300000, 0x000000008a300000|100%| E|CS|TAMS 0x000000008a200000| PB 0x000000008a200000| Complete 
|  77|0x000000008a300000, 0x000000008a400000, 0x000000008a400000|100%| E|CS|TAMS 0x000000008a300000| PB 0x000000008a300000| Complete 
|  78|0x000000008a400000, 0x000000008a500000, 0x000000008a500000|100%| E|CS|TAMS 0x000000008a400000| PB 0x000000008a400000| Complete 
|  79|0x000000008a500000, 0x000000008a600000, 0x000000008a600000|100%| E|CS|TAMS 0x000000008a500000| PB 0x000000008a500000| Complete 
|  80|0x000000008a600000, 0x000000008a700000, 0x000000008a700000|100%| E|CS|TAMS 0x000000008a600000| PB 0x000000008a600000| Complete 
|  81|0x000000008a700000, 0x000000008a800000, 0x000000008a800000|100%| E|CS|TAMS 0x000000008a700000| PB 0x000000008a700000| Complete 
|  82|0x000000008a800000, 0x000000008a900000, 0x000000008a900000|100%| E|CS|TAMS 0x000000008a800000| PB 0x000000008a800000| Complete 
|  83|0x000000008a900000, 0x000000008aa00000, 0x000000008aa00000|100%| E|CS|TAMS 0x000000008a900000| PB 0x000000008a900000| Complete 
|  84|0x000000008aa00000, 0x000000008ab00000, 0x000000008ab00000|100%| E|  |TAMS 0x000000008aa00000| PB 0x000000008aa00000| Complete 
|  85|0x000000008ab00000, 0x000000008ac00000, 0x000000008ac00000|100%| E|CS|TAMS 0x000000008ab00000| PB 0x000000008ab00000| Complete 
|  86|0x000000008ac00000, 0x000000008ad00000, 0x000000008ad00000|100%| E|CS|TAMS 0x000000008ac00000| PB 0x000000008ac00000| Complete 
|  87|0x000000008ad00000, 0x000000008ae00000, 0x000000008ae00000|100%| E|CS|TAMS 0x000000008ad00000| PB 0x000000008ad00000| Complete 
|  88|0x000000008ae00000, 0x000000008af00000, 0x000000008af00000|100%| E|CS|TAMS 0x000000008ae00000| PB 0x000000008ae00000| Complete 
|  89|0x000000008af00000, 0x000000008b000000, 0x000000008b000000|100%| E|CS|TAMS 0x000000008af00000| PB 0x000000008af00000| Complete 
|  90|0x000000008b000000, 0x000000008b100000, 0x000000008b100000|100%| E|CS|TAMS 0x000000008b000000| PB 0x000000008b000000| Complete 
|  91|0x000000008b100000, 0x000000008b200000, 0x000000008b200000|100%| E|CS|TAMS 0x000000008b100000| PB 0x000000008b100000| Complete 
|  92|0x000000008b200000, 0x000000008b300000, 0x000000008b300000|100%| E|CS|TAMS 0x000000008b200000| PB 0x000000008b200000| Complete 
|  93|0x000000008b300000, 0x000000008b400000, 0x000000008b400000|100%| E|CS|TAMS 0x000000008b300000| PB 0x000000008b300000| Complete 
|  94|0x000000008b400000, 0x000000008b500000, 0x000000008b500000|100%| E|CS|TAMS 0x000000008b400000| PB 0x000000008b400000| Complete 
|  95|0x000000008b500000, 0x000000008b600000, 0x000000008b600000|100%| E|CS|TAMS 0x000000008b500000| PB 0x000000008b500000| Complete 
|  96|0x000000008b600000, 0x000000008b700000, 0x000000008b700000|100%| E|CS|TAMS 0x000000008b600000| PB 0x000000008b600000| Complete 
|  97|0x000000008b700000, 0x000000008b800000, 0x000000008b800000|100%| E|CS|TAMS 0x000000008b700000| PB 0x000000008b700000| Complete 
|  98|0x000000008b800000, 0x000000008b900000, 0x000000008b900000|100%| E|CS|TAMS 0x000000008b800000| PB 0x000000008b800000| Complete 
|  99|0x000000008b900000, 0x000000008b9d5880, 0x000000008ba00000| 83%| S|CS|TAMS 0x000000008b900000| PB 0x000000008b900000| Complete 
| 100|0x000000008ba00000, 0x000000008bb00000, 0x000000008bb00000|100%| S|CS|TAMS 0x000000008ba00000| PB 0x000000008ba00000| Complete 
| 101|0x000000008bb00000, 0x000000008bc00000, 0x000000008bc00000|100%| E|CS|TAMS 0x000000008bb00000| PB 0x000000008bb00000| Complete 
| 102|0x000000008bc00000, 0x000000008bd00000, 0x000000008bd00000|100%| E|CS|TAMS 0x000000008bc00000| PB 0x000000008bc00000| Complete 
| 103|0x000000008bd00000, 0x000000008be00000, 0x000000008be00000|100%| E|CS|TAMS 0x000000008bd00000| PB 0x000000008bd00000| Complete 
| 104|0x000000008be00000, 0x000000008bf00000, 0x000000008bf00000|100%| E|CS|TAMS 0x000000008be00000| PB 0x000000008be00000| Complete 
| 105|0x000000008bf00000, 0x000000008c000000, 0x000000008c000000|100%| E|CS|TAMS 0x000000008bf00000| PB 0x000000008bf00000| Complete 
| 106|0x000000008c000000, 0x000000008c100000, 0x000000008c100000|100%| E|CS|TAMS 0x000000008c000000| PB 0x000000008c000000| Complete 
| 107|0x000000008c100000, 0x000000008c200000, 0x000000008c200000|100%| E|CS|TAMS 0x000000008c100000| PB 0x000000008c100000| Complete 
| 108|0x000000008c200000, 0x000000008c300000, 0x000000008c300000|100%| E|CS|TAMS 0x000000008c200000| PB 0x000000008c200000| Complete 
| 109|0x000000008c300000, 0x000000008c400000, 0x000000008c400000|100%| E|CS|TAMS 0x000000008c300000| PB 0x000000008c300000| Complete 
| 110|0x000000008c400000, 0x000000008c500000, 0x000000008c500000|100%| E|CS|TAMS 0x000000008c400000| PB 0x000000008c400000| Complete 
| 111|0x000000008c500000, 0x000000008c600000, 0x000000008c600000|100%| E|CS|TAMS 0x000000008c500000| PB 0x000000008c500000| Complete 
| 112|0x000000008c600000, 0x000000008c700000, 0x000000008c700000|100%| E|CS|TAMS 0x000000008c600000| PB 0x000000008c600000| Complete 
| 113|0x000000008c700000, 0x000000008c800000, 0x000000008c800000|100%| E|CS|TAMS 0x000000008c700000| PB 0x000000008c700000| Complete 
| 114|0x000000008c800000, 0x000000008c900000, 0x000000008c900000|100%| E|CS|TAMS 0x000000008c800000| PB 0x000000008c800000| Complete 
| 115|0x000000008c900000, 0x000000008ca00000, 0x000000008ca00000|100%| E|CS|TAMS 0x000000008c900000| PB 0x000000008c900000| Complete 
| 116|0x000000008ca00000, 0x000000008cb00000, 0x000000008cb00000|100%| E|CS|TAMS 0x000000008ca00000| PB 0x000000008ca00000| Complete 
| 117|0x000000008cb00000, 0x000000008cc00000, 0x000000008cc00000|100%| E|CS|TAMS 0x000000008cb00000| PB 0x000000008cb00000| Complete 
| 118|0x000000008cc00000, 0x000000008cd00000, 0x000000008cd00000|100%| E|CS|TAMS 0x000000008cc00000| PB 0x000000008cc00000| Complete 
| 119|0x000000008cd00000, 0x000000008ce00000, 0x000000008ce00000|100%| E|CS|TAMS 0x000000008cd00000| PB 0x000000008cd00000| Complete 
| 120|0x000000008ce00000, 0x000000008cf00000, 0x000000008cf00000|100%| E|CS|TAMS 0x000000008ce00000| PB 0x000000008ce00000| Complete 
| 121|0x000000008cf00000, 0x000000008d000000, 0x000000008d000000|100%| E|CS|TAMS 0x000000008cf00000| PB 0x000000008cf00000| Complete 
| 122|0x000000008d000000, 0x000000008d100000, 0x000000008d100000|100%| E|CS|TAMS 0x000000008d000000| PB 0x000000008d000000| Complete 
| 123|0x000000008d100000, 0x000000008d200000, 0x000000008d200000|100%| E|CS|TAMS 0x000000008d100000| PB 0x000000008d100000| Complete 
|1960|0x00000000ffe00000, 0x00000000fff00000, 0x00000000fff00000|100%| O|  |TAMS 0x00000000ffe00000| PB 0x00000000ffe00000| Untracked 
|1961|0x00000000fff00000, 0x00000000fff076f8, 0x0000000100000000|  2%| O|  |TAMS 0x00000000fff00000| PB 0x00000000fff00000| Untracked 

Card table byte_map: [0x00007f6868299000,0x00007f686866e000] _byte_map_base: 0x00007f6867e6e000

Marking Bits: (CMBitMap*) 0x00007f686406fe10
 Bits: [0x00007f684ab63000, 0x00007f684ca0b000)

Polling page: 0x00007f686b223000

Metaspace:

Usage:
  Non-class:     11.29 MB used.
      Class:      1.77 MB used.
       Both:     13.06 MB used.

Virtual space:
  Non-class space:       64.00 MB reserved,      11.44 MB ( 18%) committed,  1 nodes.
      Class space:        1.00 GB reserved,       1.88 MB ( <1%) committed,  1 nodes.
             Both:        1.06 GB reserved,      13.31 MB (  1%) committed. 

Chunk freelists:
   Non-Class:  3.23 MB
       Class:  14.10 MB
        Both:  17.34 MB

MaxMetaspaceSize: unlimited
CompressedClassSpaceSize: 1.00 GB
Initial GC threshold: 21.00 MB
Current GC threshold: 21.00 MB
CDS: on
 - commit_granule_bytes: 65536.
 - commit_granule_words: 8192.
 - virtual_space_node_default_size: 8388608.
 - enlarge_chunks_in_place: 1.
 - use_allocation_guard: 0.


Internal statistics:

num_allocs_failed_limit: 0.
num_arena_births: 228.
num_arena_deaths: 0.
num_vsnodes_births: 2.
num_vsnodes_deaths: 0.
num_space_committed: 213.
num_space_uncommitted: 0.
num_chunks_returned_to_freelist: 0.
num_chunks_taken_from_freelist: 705.
num_chunk_merges: 0.
num_chunk_splits: 487.
num_chunks_enlarged: 367.
num_inconsistent_stats: 0.

CodeHeap 'non-profiled nmethods': size=120028Kb used=1360Kb max_used=1360Kb free=118667Kb
 bounds [0x00007f68544d4000, 0x00007f6854744000, 0x00007f685ba0b000]
CodeHeap 'profiled nmethods': size=120028Kb used=6288Kb max_used=6288Kb free=113740Kb
 bounds [0x00007f684ca0b000, 0x00007f684d03b000, 0x00007f6853f42000]
CodeHeap 'non-nmethods': size=5704Kb used=1645Kb max_used=1698Kb free=4059Kb
 bounds [0x00007f6853f42000, 0x00007f68541b2000, 0x00007f68544d4000]
 total_blobs=4165 nmethods=3452 adapters=617
 compilation: enabled
              stopped_count=0, restarted_count=0
 full_count=0

Compilation events (20 events):
Event: 109.874 Thread 0x00007f686415ac10 nmethod 3444 0x00007f6854627d90 code [0x00007f6854627f20, 0x00007f6854627fe8]
Event: 109.874 Thread 0x00007f686415ac10 3446       3       com.sun.marlin.DRendererContext::dispose (93 bytes)
Event: 109.874 Thread 0x00007f686415ac10 nmethod 3446 0x00007f684d026e10 code [0x00007f684d026fe0, 0x00007f684d027268]
Event: 109.874 Thread 0x00007f686415ac10 3445       1       com.sun.javafx.sg.prism.NGPath::getShape (5 bytes)
Event: 109.874 Thread 0x00007f686415ac10 nmethod 3445 0x00007f6854628090 code [0x00007f6854628220, 0x00007f68546282e8]
Event: 110.385 Thread 0x00007f686415ac10 3447       3       com.sun.javafx.sg.prism.NGNode::accumulateNodeDirtyRegion (63 bytes)
Event: 110.386 Thread 0x00007f686415ac10 nmethod 3447 0x00007f684d027410 code [0x00007f684d027640, 0x00007f684d027c00]
Event: 110.881 Thread 0x00007f686415ac10 3448       3       java.security.AccessControlContext::optimize (319 bytes)
Event: 110.882 Thread 0x00007f686415ac10 nmethod 3448 0x00007f684d027e10 code [0x00007f684d0281c0, 0x00007f684d029820]
Event: 110.882 Thread 0x00007f686415ac10 3449       3       com.sun.javafx.application.PlatformImpl::isFxApplicationThread (7 bytes)
Event: 110.882 Thread 0x00007f686415ac10 nmethod 3449 0x00007f684d029f10 code [0x00007f684d02a0c0, 0x00007f684d02a338]
Event: 111.878 Thread 0x00007f686415ac10 3450       3       jdk.internal.misc.Unsafe::checkOffset (32 bytes)
Event: 111.878 Thread 0x00007f686415ac10 nmethod 3450 0x00007f684d02a410 code [0x00007f684d02a5c0, 0x00007f684d02a838]
Event: 111.906 Thread 0x00007f686415ac10 3451       3       com.sun.glass.ui.View::getWidth (8 bytes)
Event: 111.906 Thread 0x00007f686415ac10 nmethod 3451 0x00007f684d02a910 code [0x00007f684d02aae0, 0x00007f684d02ae38]
Event: 111.906 Thread 0x00007f686415ac10 3453       3       java.lang.invoke.InnerClassLambdaMetafactory::<init> (258 bytes)
Event: 111.907 Thread 0x00007f686415ac10 nmethod 3453 0x00007f684d02af90 code [0x00007f684d02b3a0, 0x00007f684d02d200]
Event: 111.907 Thread 0x00007f686415ac10 3452       3       java.lang.invoke.LambdaMetafactory::metafactory (71 bytes)
Event: 111.908 Thread 0x00007f686415ac10 nmethod 3452 0x00007f684d02dd10 code [0x00007f684d02dfa0, 0x00007f684d02eac0]
Event: 111.908 Thread 0x00007f686415ac10 3454   !   3       java.lang.invoke.AbstractValidatingLambdaMetafactory::<init> (559 bytes)

GC Heap History (2 events):
Event: 0.526 GC heap before
{Heap before GC invocations=0 (full 0):
 garbage-first heap   total 129024K, used 23581K [0x0000000085600000, 0x0000000100000000)
  region size 1024K, 23 young (23552K), 0 survivors (0K)
 Metaspace       used 4831K, committed 5056K, reserved 1114112K
  class space    used 572K, committed 704K, reserved 1048576K
}
Event: 0.530 GC heap after
{Heap after GC invocations=1 (full 0):
 garbage-first heap   total 129024K, used 2931K [0x0000000085600000, 0x0000000100000000)
  region size 1024K, 2 young (2048K), 2 survivors (2048K)
 Metaspace       used 4831K, committed 5056K, reserved 1114112K
  class space    used 572K, committed 704K, reserved 1048576K
}

Dll operation events (12 events):
Event: 0.001 Loaded shared library /usr/lib/jvm/java-21-openjdk-amd64/lib/libjava.so
Event: 0.022 Loaded shared library /usr/lib/jvm/java-21-openjdk-amd64/lib/libjsvml.so
Event: 0.024 Loaded shared library /usr/lib/jvm/java-21-openjdk-amd64/lib/libnio.so
Event: 0.045 Loaded shared library /usr/lib/jvm/java-21-openjdk-amd64/lib/libzip.so
Event: 0.176 Loaded shared library /usr/lib/x86_64-linux-gnu/jni/libprism_es2.so
Event: 0.420 Loaded shared library /usr/lib/x86_64-linux-gnu/jni/libprism_sw.so
Event: 0.429 Loaded shared library /usr/lib/x86_64-linux-gnu/jni/libglass.so
Event: 0.443 Loaded shared library /usr/lib/x86_64-linux-gnu/jni/libglassgtk3.so
Event: 0.525 Loaded shared library /usr/lib/x86_64-linux-gnu/jni/libjavafx_font.so
Event: 0.620 Loaded shared library /usr/lib/jvm/java-21-openjdk-amd64/lib/libjimage.so
Event: 0.628 Loaded shared library /usr/lib/x86_64-linux-gnu/jni/libjavafx_font_freetype.so
Event: 0.780 Loaded shared library /usr/lib/x86_64-linux-gnu/jni/libjavafx_font_pango.so

Deoptimization events (20 events):
Event: 71.578 Thread 0x00007f68643c74d0 Uncommon trap: trap_request=0xffffff45 fr.pc=0x00007f68545cde5c relative=0x00000000000003fc
Event: 71.578 Thread 0x00007f68643c74d0 Uncommon trap: reason=unstable_if action=reinterpret pc=0x00007f68545cde5c method=java.util.regex.Pattern$BmpCharPropertyGreedy.match(Ljava/util/regex/Matcher;ILjava/lang/CharSequence;)Z @ 12 c2
Event: 71.579 Thread 0x00007f68643c74d0 DEOPT PACKING pc=0x00007f68545cde5c sp=0x00007f683b0dd420
Event: 71.579 Thread 0x00007f68643c74d0 DEOPT UNPACKING pc=0x00007f6853f95f99 sp=0x00007f683b0dd3d8 mode 2
Event: 71.579 Thread 0x00007f68643c74d0 Uncommon trap: trap_request=0xffffff45 fr.pc=0x00007f68544e26c4 relative=0x0000000000000124
Event: 71.579 Thread 0x00007f68643c74d0 Uncommon trap: reason=unstable_if action=reinterpret pc=0x00007f68544e26c4 method=java.lang.StringLatin1.lastIndexOf([BI[BII)I @ 86 c2
Event: 71.579 Thread 0x00007f68643c74d0 DEOPT PACKING pc=0x00007f68544e26c4 sp=0x00007f683b0dd620
Event: 71.579 Thread 0x00007f68643c74d0 DEOPT UNPACKING pc=0x00007f6853f95f99 sp=0x00007f683b0dd598 mode 2
Event: 106.194 Thread 0x00007f68643c74d0 Uncommon trap: trap_request=0xffffff6e fr.pc=0x00007f685461f940 relative=0x0000000000000920
Event: 106.194 Thread 0x00007f68643c74d0 Uncommon trap: reason=loop_limit_check action=maybe_recompile pc=0x00007f685461f940 method=javafx.scene.Parent.pickChildrenNode(Lcom/sun/javafx/geom/PickRay;Lcom/sun/javafx/scene/input/PickResultChooser;)Z @ 17 c2
Event: 106.194 Thread 0x00007f68643c74d0 DEOPT PACKING pc=0x00007f685461f940 sp=0x00007f683b0de440
Event: 106.194 Thread 0x00007f68643c74d0 DEOPT UNPACKING pc=0x00007f6853f95f99 sp=0x00007f683b0de448 mode 2
Event: 111.906 Thread 0x00007f68643d9ff0 Uncommon trap: trap_request=0xffffffbe fr.pc=0x00007f6854626690 relative=0x0000000000001010
Event: 111.906 Thread 0x00007f68643d9ff0 Uncommon trap: reason=profile_predicate action=maybe_recompile pc=0x00007f6854626690 method=java.util.concurrent.locks.AbstractQueuedSynchronizer.acquire(Ljava/util/concurrent/locks/AbstractQueuedSynchronizer$Node;IZZZJ)I @ 20 c2
Event: 111.906 Thread 0x00007f68643d9ff0 DEOPT PACKING pc=0x00007f6854626690 sp=0x00007f67965eb4e0
Event: 111.906 Thread 0x00007f68643d9ff0 DEOPT UNPACKING pc=0x00007f6853f95f99 sp=0x00007f67965eb4d0 mode 2
Event: 111.907 Thread 0x00007f68643d9ff0 Uncommon trap: trap_request=0xffffffbe fr.pc=0x00007f6854626690 relative=0x0000000000001010
Event: 111.907 Thread 0x00007f68643d9ff0 Uncommon trap: reason=profile_predicate action=maybe_recompile pc=0x00007f6854626690 method=java.util.concurrent.locks.AbstractQueuedSynchronizer.acquire(Ljava/util/concurrent/locks/AbstractQueuedSynchronizer$Node;IZZZJ)I @ 20 c2
Event: 111.907 Thread 0x00007f68643d9ff0 DEOPT PACKING pc=0x00007f6854626690 sp=0x00007f67965eb4e0
Event: 111.907 Thread 0x00007f68643d9ff0 DEOPT UNPACKING pc=0x00007f6853f95f99 sp=0x00007f67965eb4d0 mode 2

Classes loaded (20 events):
Event: 14.907 Loading class java/text/BreakIterator$BreakIteratorCache
Event: 14.907 Loading class java/text/BreakIterator$BreakIteratorCache done
Event: 14.907 Loading class jdk/internal/util/regex/Grapheme
Event: 14.907 Loading class jdk/internal/util/regex/Grapheme done
Event: 71.579 Loading class sun/text/resources/BreakIteratorInfo
Event: 71.579 Loading class sun/text/resources/BreakIteratorInfo done
Event: 71.579 Loading class sun/text/resources/BreakIteratorResources
Event: 71.579 Loading class sun/util/resources/BreakIteratorResourceBundle
Event: 71.579 Loading class sun/util/resources/BreakIteratorResourceBundle done
Event: 71.579 Loading class sun/text/resources/BreakIteratorResources done
Event: 71.579 Loading class sun/text/resources/BreakIteratorResources_en
Event: 71.579 Loading class sun/text/resources/BreakIteratorResources_en done
Event: 71.580 Loading class sun/text/RuleBasedBreakIterator
Event: 71.580 Loading class sun/text/RuleBasedBreakIterator done
Event: 71.581 Loading class sun/text/CompactByteArray
Event: 71.581 Loading class sun/text/CompactByteArray done
Event: 71.581 Loading class sun/text/SupplementaryCharacterData
Event: 71.581 Loading class sun/text/SupplementaryCharacterData done
Event: 111.907 Loading class java/util/LinkedList$ListItr
Event: 111.907 Loading class java/util/LinkedList$ListItr done

Classes unloaded (0 events):
No events

Classes redefined (0 events):
No events

Internal exceptions (20 events):
Event: 0.648 Thread 0x00007f68643c74d0 Implicit null exception at 0x00007f68545356c0 to 0x00007f6854535988
Event: 0.649 Thread 0x00007f68643c74d0 Implicit null exception at 0x00007f68544f47c0 to 0x00007f68544f4845
Event: 0.720 Thread 0x00007f68643c74d0 Exception <a 'java/lang/NoSuchMethodError'{0x000000008bf4c000}: 'java.lang.Object java.lang.invoke.DirectMethodHandle$Holder.invokeInterface(java.lang.Object, java.lang.Object, java.lang.Object)'> (0x000000008bf4c000) 
thrown [./src/hotspot/share/interpreter/linkResolver.cpp, line 772]
Event: 0.720 Thread 0x00007f68643c74d0 Exception <a 'java/lang/IncompatibleClassChangeError'{0x000000008bf4f6a8}: Found class java.lang.Object, but interface was expected> (0x000000008bf4f6a8) 
thrown [./src/hotspot/share/interpreter/linkResolver.cpp, line 840]
Event: 0.741 Thread 0x00007f68643c74d0 Exception <a 'java/lang/ClassNotFoundException'{0x000000008bc20dd0}: com/sun/javafx/scene/control/skin/resources/controls> (0x000000008bc20dd0) 
thrown [./src/hotspot/share/prims/jni.cpp, line 539]
Event: 0.742 Thread 0x00007f68643c74d0 Exception <a 'java/lang/ClassNotFoundException'{0x000000008bc2e6a0}: com/sun/javafx/scene/control/skin/resources/controls_en> (0x000000008bc2e6a0) 
thrown [./src/hotspot/share/prims/jni.cpp, line 539]
Event: 0.766 Thread 0x00007f68643c74d0 Exception <a 'java/lang/NoSuchMethodError'{0x000000008b8097b8}: 'void java.lang.invoke.DirectMethodHandle$Holder.invokeSpecial(java.lang.Object, java.lang.Object, java.lang.Object, java.lang.Object, java.lang.Object, java.lang.Object)'> (0x000000008b8097b8) 
thrown [./src/hotspot/share/interpreter/linkResolver.cpp, line 772]
Event: 0.824 Thread 0x00007f68643c74d0 Exception <a 'java/lang/NoSuchMethodError'{0x000000008b33c170}: 'int java.lang.invoke.DirectMethodHandle$Holder.invokeSpecial(java.lang.Object, java.lang.Object, int)'> (0x000000008b33c170) 
thrown [./src/hotspot/share/interpreter/linkResolver.cpp, line 772]
Event: 0.825 Thread 0x00007f68643c74d0 Exception <a 'java/lang/NoSuchMethodError'{0x000000008b343a58}: 'int java.lang.invoke.DirectMethodHandle$Holder.invokeSpecial(java.lang.Object, java.lang.Object, java.lang.Object, int)'> (0x000000008b343a58) 
thrown [./src/hotspot/share/interpreter/linkResolver.cpp, line 772]
Event: 0.826 Thread 0x00007f68643c74d0 Exception <a 'java/lang/NoSuchMethodError'{0x000000008b355ab8}: 'java.lang.Object java.lang.invoke.DirectMethodHandle$Holder.invokeStatic(java.lang.Object, java.lang.Object, java.lang.Object, java.lang.Object, int)'> (0x000000008b355ab8) 
thrown [./src/hotspot/share/interpreter/linkResolver.cpp, line 772]
Event: 0.826 Thread 0x00007f68643c74d0 Exception <a 'java/lang/NoSuchMethodError'{0x000000008b35d9c0}: 'int java.lang.invoke.DirectMethodHandle$Holder.invokeSpecial(java.lang.Object, java.lang.Object, java.lang.Object)'> (0x000000008b35d9c0) 
thrown [./src/hotspot/share/interpreter/linkResolver.cpp, line 772]
Event: 0.836 Thread 0x00007f68643c74d0 Exception <a 'java/lang/NoSuchMethodError'{0x000000008b3b3a38}: 'java.lang.Object java.lang.invoke.DirectMethodHandle$Holder.newInvokeSpecial(java.lang.Object, java.lang.Object, int)'> (0x000000008b3b3a38) 
thrown [./src/hotspot/share/interpreter/linkResolver.cpp, line 772]
Event: 0.876 Thread 0x00007f68642ef9c0 Exception <a 'java/lang/NoSuchMethodError'{0x000000008b2687a0}: 'int java.lang.invoke.DirectMethodHandle$Holder.invokeStaticInit(java.lang.Object, java.lang.Object)'> (0x000000008b2687a0) 
thrown [./src/hotspot/share/interpreter/linkResolver.cpp, line 772]
Event: 0.879 Thread 0x00007f68643c74d0 Exception <a 'java/lang/NoSuchMethodError'{0x000000008b237168}: 'long java.lang.invoke.DirectMethodHandle$Holder.invokeStatic(java.lang.Object, java.lang.Object, java.lang.Object)'> (0x000000008b237168) 
thrown [./src/hotspot/share/interpreter/linkResolver.cpp, line 772]
Event: 0.879 Thread 0x00007f68643c74d0 Exception <a 'java/lang/NoSuchMethodError'{0x000000008b23a538}: 'long java.lang.invoke.DirectMethodHandle$Holder.invokeStaticInit(java.lang.Object, java.lang.Object, java.lang.Object)'> (0x000000008b23a538) 
thrown [./src/hotspot/share/interpreter/linkResolver.cpp, line 772]
Event: 0.882 Thread 0x00007f68643c74d0 Exception <a 'java/lang/NoSuchMethodError'{0x000000008b162b00}: 'java.lang.Object java.lang.invoke.DirectMethodHandle$Holder.newInvokeSpecial(java.lang.Object, java.lang.Object, long)'> (0x000000008b162b00) 
thrown [./src/hotspot/share/interpreter/linkResolver.cpp, line 772]
Event: 0.883 Thread 0x00007f68643c74d0 Exception <a 'java/lang/NoSuchMethodError'{0x000000008b1663f8}: 'java.lang.Object java.lang.invoke.Invokers$Holder.linkToTargetMethod(java.lang.Object, long, java.lang.Object)'> (0x000000008b1663f8) 
thrown [./src/hotspot/share/interpreter/linkResolver.cpp, line 772]
Event: 75.324 Thread 0x00007f68643c74d0 Exception <a 'java/lang/NoSuchMethodError'{0x000000008a391c60}: 'java.lang.Object java.lang.invoke.DirectMethodHandle$Holder.newInvokeSpecial(java.lang.Object, java.lang.Object, int, int, int, int, int, java.lang.Object)'> (0x000000008a391c60) 
thrown [./src/hotspot/share/interpreter/linkResolver.cpp, line 772]
Event: 75.325 Thread 0x00007f68643c74d0 Exception <a 'java/lang/NoSuchMethodError'{0x000000008a3a3dd0}: 'java.lang.Object java.lang.invoke.DirectMethodHandle$Holder.newInvokeSpecial(java.lang.Object, java.lang.Object, java.lang.Object, int, int, int, int, int)'> (0x000000008a3a3dd0) 
thrown [./src/hotspot/share/interpreter/linkResolver.cpp, line 772]
Event: 75.326 Thread 0x00007f68643c74d0 Exception <a 'java/lang/NoSuchMethodError'{0x000000008a3ab670}: 'java.lang.Object java.lang.invoke.Invokers$Holder.linkToTargetMethod(java.lang.Object, java.lang.Object, int, int, int, int, int, java.lang.Object)'> (0x000000008a3ab670) 
thrown [./src/hotspot/share/interpreter/linkResolver.cpp, line 772]

ZGC Phase Switch (0 events):
No events

VM Operations (20 events):
Event: 74.581 Executing VM operation: Cleanup
Event: 74.581 Executing VM operation: Cleanup done
Event: 75.581 Executing VM operation: Cleanup
Event: 75.582 Executing VM operation: Cleanup done
Event: 76.582 Executing VM operation: Cleanup
Event: 76.582 Executing VM operation: Cleanup done
Event: 77.582 Executing VM operation: Cleanup
Event: 77.582 Executing VM operation: Cleanup done
Event: 103.589 Executing VM operation: Cleanup
Event: 103.589 Executing VM operation: Cleanup done
Event: 104.589 Executing VM operation: Cleanup
Event: 104.589 Executing VM operation: Cleanup done
Event: 105.589 Executing VM operation: Cleanup
Event: 105.589 Executing VM operation: Cleanup done
Event: 106.589 Executing VM operation: Cleanup
Event: 106.589 Executing VM operation: Cleanup done
Event: 107.589 Executing VM operation: Cleanup
Event: 107.590 Executing VM operation: Cleanup done
Event: 108.590 Executing VM operation: Cleanup
Event: 108.590 Executing VM operation: Cleanup done

Events (20 events):
Event: 0.545 Thread 0x00007f67c03ef680 Thread added: 0x00007f67c03ef680
Event: 0.545 Protecting memory [0x00007f6795ee7000,0x00007f6795eeb000] with protection modes 0
Event: 0.717 Thread 0x00007f67bc4fb910 Thread added: 0x00007f67bc4fb910
Event: 0.717 Protecting memory [0x00007f6795d12000,0x00007f6795d16000] with protection modes 0
Event: 0.893 Thread 0x00007f67b4514480 Thread added: 0x00007f67b4514480
Event: 0.893 Protecting memory [0x00007f6795409000,0x00007f679540d000] with protection modes 0
Event: 1.149 Thread 0x00007f67c03ef680 Thread exited: 0x00007f67c03ef680
Event: 6.798 Thread 0x00007f67cc23e410 Thread added: 0x00007f67cc23e410
Event: 6.798 Protecting memory [0x00007f6795ee7000,0x00007f6795eeb000] with protection modes 0
Event: 7.008 Thread 0x00007f67cc23e410 Thread exited: 0x00007f67cc23e410
Event: 111.908 Thread 0x00007f68642ef9c0 Thread exited: 0x00007f68642ef9c0
Event: 111.908 Thread 0x00007f68643d9ff0 Thread exited: 0x00007f68643d9ff0
Event: 111.908 Thread 0x00007f68643c74d0 Thread exited: 0x00007f68643c74d0
Event: 111.908 Thread 0x00007f6864016ed0 Thread exited: 0x00007f6864016ed0
Event: 111.908 Protecting memory [0x00007f6869664000,0x00007f6869668000] with protection modes 0
Event: 111.908 Thread 0x00007f68643c74d0 Thread added: 0x00007f68643c74d0
Event: 111.908 Thread 0x00007f6864016ed0 Thread added: 0x00007f6864016ed0
Event: 111.908 Protecting memory [0x00007f683afe1000,0x00007f683afe5000] with protection modes 0
Event: 111.909 Thread 0x00007f6864016ed0 Thread exited: 0x00007f6864016ed0
Event: 111.910 Thread 0x00007f68643c74d0 Thread exited: 0x00007f68643c74d0


Dynamic libraries:
85600000-8d200000 rw-p 00000000 00:00 0 
8d200000-ffe00000 ---p 00000000 00:00 0 
ffe00000-fff08000 rw-p 00ce5000 08:20 24836                              /usr/lib/jvm/java-21-openjdk-amd64/lib/server/classes.jsa
fff08000-100000000 rw-p 00000000 00:00 0 
55a4d6b9f000-55a4d6ba0000 r--p 00000000 08:20 24764                      /usr/lib/jvm/java-21-openjdk-amd64/bin/java
55a4d6ba0000-55a4d6ba1000 r-xp 00001000 08:20 24764                      /usr/lib/jvm/java-21-openjdk-amd64/bin/java
55a4d6ba1000-55a4d6ba2000 r--p 00002000 08:20 24764                      /usr/lib/jvm/java-21-openjdk-amd64/bin/java
55a4d6ba2000-55a4d6ba3000 r--p 00002000 08:20 24764                      /usr/lib/jvm/java-21-openjdk-amd64/bin/java
55a4d6ba3000-55a4d6ba4000 rw-p 00003000 08:20 24764                      /usr/lib/jvm/java-21-openjdk-amd64/bin/java
55a4d6cf1000-55a4d6d38000 rw-p 00000000 00:00 0                          [heap]
7f6768000000-7f6768021000 rw-p 00000000 00:00 0 
7f6768021000-7f676c000000 ---p 00000000 00:00 0 
7f6770000000-7f67701f3000 rw-p 00000000 00:00 0 
7f67701f3000-7f6774000000 ---p 00000000 00:00 0 
7f6774000000-7f6774021000 rw-p 00000000 00:00 0 
7f6774021000-7f6778000000 ---p 00000000 00:00 0 
7f6778000000-7f6778021000 rw-p 00000000 00:00 0 
7f6778021000-7f677c000000 ---p 00000000 00:00 0 
7f677c000000-7f677c021000 rw-p 00000000 00:00 0 
7f677c021000-7f6780000000 ---p 00000000 00:00 0 
7f6780000000-7f6780021000 rw-p 00000000 00:00 0 
7f6780021000-7f6784000000 ---p 00000000 00:00 0 
7f6784000000-7f6784021000 rw-p 00000000 00:00 0 
7f6784021000-7f6788000000 ---p 00000000 00:00 0 
7f6788000000-7f6788021000 rw-p 00000000 00:00 0 
7f6788021000-7f678c000000 ---p 00000000 00:00 0 
7f678c000000-7f678c021000 rw-p 00000000 00:00 0 
7f678c021000-7f6790000000 ---p 00000000 00:00 0 
7f6790000000-7f6790021000 rw-p 00000000 00:00 0 
7f6790021000-7f6794000000 ---p 00000000 00:00 0 
7f6794c08000-7f6795408000 rw-s 00000000 00:01 32811                      /SYSV00000000 (deleted)
7f6795408000-7f6795409000 ---p 00000000 00:00 0 
7f6795409000-7f679540d000 ---p 00000000 00:00 0 
7f679540d000-7f6795509000 rw-p 00000000 00:00 0 
7f6795509000-7f679550a000 ---p 00000000 00:00 0 
7f679550a000-7f6795d0a000 rw-p 00000000 00:00 0 
7f6795d0a000-7f6795d0c000 r--p 00000000 08:20 26455                      /usr/lib/x86_64-linux-gnu/jni/libjavafx_font_pango.so
7f6795d0c000-7f6795d0e000 r-xp 00002000 08:20 26455                      /usr/lib/x86_64-linux-gnu/jni/libjavafx_font_pango.so
7f6795d0e000-7f6795d0f000 r--p 00004000 08:20 26455                      /usr/lib/x86_64-linux-gnu/jni/libjavafx_font_pango.so
7f6795d0f000-7f6795d10000 r--p 00004000 08:20 26455                      /usr/lib/x86_64-linux-gnu/jni/libjavafx_font_pango.so
7f6795d10000-7f6795d11000 rw-p 00005000 08:20 26455                      /usr/lib/x86_64-linux-gnu/jni/libjavafx_font_pango.so
7f6795d11000-7f6795d12000 ---p 00000000 00:00 0 
7f6795d12000-7f6795d16000 ---p 00000000 00:00 0 
7f6795d16000-7f6795e12000 rw-p 00000000 00:00 0 
7f6795e12000-7f6795ecb000 r--p 00000000 08:20 30915                      /usr/share/fonts/truetype/dejavu/DejaVuSans.ttf
7f6795ecb000-7f6795ed1000 r--s 00000000 08:20 29926                      /var/cache/fontconfig/62238db9-8de1-4d06-ac9a-7d584d0f3e61-le64.cache-7
7f6795ed1000-7f6795edd000 r--s 00000000 08:20 29924                      /var/cache/fontconfig/267776bd-bc2e-4847-9437-54e86eb24f7e-le64.cache-7
7f6795edd000-7f6795edf000 r--p 00000000 08:20 26454                      /usr/lib/x86_64-linux-gnu/jni/libjavafx_font_freetype.so
7f6795edf000-7f6795ee2000 r-xp 00002000 08:20 26454                      /usr/lib/x86_64-linux-gnu/jni/libjavafx_font_freetype.so
7f6795ee2000-7f6795ee4000 r--p 00005000 08:20 26454                      /usr/lib/x86_64-linux-gnu/jni/libjavafx_font_freetype.so
7f6795ee4000-7f6795ee5000 r--p 00006000 08:20 26454                      /usr/lib/x86_64-linux-gnu/jni/libjavafx_font_freetype.so
7f6795ee5000-7f6795ee6000 rw-p 00007000 08:20 26454                      /usr/lib/x86_64-linux-gnu/jni/libjavafx_font_freetype.so
7f6795ee6000-7f6795ee7000 ---p 00000000 00:00 0 
7f6795ee7000-7f6795eeb000 ---p 00000000 00:00 0 
7f6795eeb000-7f6795fe7000 rw-p 00000000 00:00 0 
7f6795fe7000-7f6795fe8000 ---p 00000000 00:00 0 
7f6795fe8000-7f67960e8000 rw-p 00000000 00:00 0 
7f67960e8000-7f67960e9000 ---p 00000000 00:00 0 
7f67960e9000-7f67961e9000 rw-p 00000000 00:00 0 
7f67961e9000-7f67961ea000 ---p 00000000 00:00 0 
7f67961ea000-7f67962ea000 rw-p 00000000 00:00 0 
7f67962ea000-7f67962eb000 ---p 00000000 00:00 0 
7f67962eb000-7f67963eb000 rw-p 00000000 00:00 0 
7f67963eb000-7f67963ec000 ---p 00000000 00:00 0 
7f67963ec000-7f67964ec000 rw-p 00000000 00:00 0 
7f67964ec000-7f67964ed000 ---p 00000000 00:00 0 
7f67964ed000-7f67964f1000 ---p 00000000 00:00 0 
7f67964f1000-7f67965ed000 rw-p 00000000 00:00 0 
7f67965ed000-7f67965ee000 ---p 00000000 00:00 0 
7f67965ee000-7f6796dee000 rw-p 00000000 00:00 0 
7f6796dee000-7f6796df2000 r--p 00000000 08:20 30662                      /usr/lib/x86_64-linux-gnu/gio/modules/libdconfsettings.so
7f6796df2000-7f6796df9000 r-xp 00004000 08:20 30662                      /usr/lib/x86_64-linux-gnu/gio/modules/libdconfsettings.so
7f6796df9000-7f6796dfc000 r--p 0000b000 08:20 30662                      /usr/lib/x86_64-linux-gnu/gio/modules/libdconfsettings.so
7f6796dfc000-7f6796dfd000 r--p 0000e000 08:20 30662                      /usr/lib/x86_64-linux-gnu/gio/modules/libdconfsettings.so
7f6796dfd000-7f6796dfe000 rw-p 0000f000 08:20 30662                      /usr/lib/x86_64-linux-gnu/gio/modules/libdconfsettings.so
7f6796dfe000-7f6796e08000 r--p 00000000 08:20 26125                      /usr/share/glib-2.0/schemas/gschemas.compiled
7f6796e08000-7f6796e0a000 r--p 00000000 08:20 30622                      /usr/lib/x86_64-linux-gnu/libXtst.so.6.1.0
7f6796e0a000-7f6796e0d000 r-xp 00002000 08:20 30622                      /usr/lib/x86_64-linux-gnu/libXtst.so.6.1.0
7f6796e0d000-7f6796e0e000 r--p 00005000 08:20 30622                      /usr/lib/x86_64-linux-gnu/libXtst.so.6.1.0
7f6796e0e000-7f6796e0f000 r--p 00005000 08:20 30622                      /usr/lib/x86_64-linux-gnu/libXtst.so.6.1.0
7f6796e0f000-7f6796e10000 rw-p 00006000 08:20 30622                      /usr/lib/x86_64-linux-gnu/libXtst.so.6.1.0
7f6796e10000-7f6796e32000 r--p 00000000 08:20 26451                      /usr/lib/x86_64-linux-gnu/jni/libglassgtk3.so
7f6796e32000-7f6796e62000 r-xp 00022000 08:20 26451                      /usr/lib/x86_64-linux-gnu/jni/libglassgtk3.so
7f6796e62000-7f6796e73000 r--p 00052000 08:20 26451                      /usr/lib/x86_64-linux-gnu/jni/libglassgtk3.so
7f6796e73000-7f6796e76000 r--p 00062000 08:20 26451                      /usr/lib/x86_64-linux-gnu/jni/libglassgtk3.so
7f6796e76000-7f6796e77000 rw-p 00065000 08:20 26451                      /usr/lib/x86_64-linux-gnu/jni/libglassgtk3.so
7f6796e77000-7f6796e78000 rw-p 00000000 00:00 0 
7f6796e78000-7f6796e7c000 r--p 00000000 08:20 6731                       /usr/lib/x86_64-linux-gnu/libgpg-error.so.0.32.1
7f6796e7c000-7f6796e92000 r-xp 00004000 08:20 6731                       /usr/lib/x86_64-linux-gnu/libgpg-error.so.0.32.1
7f6796e92000-7f6796e9c000 r--p 0001a000 08:20 6731                       /usr/lib/x86_64-linux-gnu/libgpg-error.so.0.32.1
7f6796e9c000-7f6796e9d000 r--p 00023000 08:20 6731                       /usr/lib/x86_64-linux-gnu/libgpg-error.so.0.32.1
7f6796e9d000-7f6796e9e000 rw-p 00024000 08:20 6731                       /usr/lib/x86_64-linux-gnu/libgpg-error.so.0.32.1
7f6796e9e000-7f6796ead000 r--p 00000000 08:20 6711                       /usr/lib/x86_64-linux-gnu/libgcrypt.so.20.3.4
7f6796ead000-7f6796f93000 r-xp 0000f000 08:20 6711                       /usr/lib/x86_64-linux-gnu/libgcrypt.so.20.3.4
7f6796f93000-7f6796fd1000 r--p 000f5000 08:20 6711                       /usr/lib/x86_64-linux-gnu/libgcrypt.so.20.3.4
7f6796fd1000-7f6796fd2000 ---p 00133000 08:20 6711                       /usr/lib/x86_64-linux-gnu/libgcrypt.so.20.3.4
7f6796fd2000-7f6796fd5000 r--p 00133000 08:20 6711                       /usr/lib/x86_64-linux-gnu/libgcrypt.so.20.3.4
7f6796fd5000-7f6796fdb000 rw-p 00136000 08:20 6711                       /usr/lib/x86_64-linux-gnu/libgcrypt.so.20.3.4
7f6796fdb000-7f6796fdc000 rw-p 00000000 00:00 0 
7f6796fdc000-7f6796fdf000 r--p 00000000 08:20 6646                       /usr/lib/x86_64-linux-gnu/libcap.so.2.44
7f6796fdf000-7f6796fe3000 r-xp 00003000 08:20 6646                       /usr/lib/x86_64-linux-gnu/libcap.so.2.44
7f6796fe3000-7f6796fe5000 r--p 00007000 08:20 6646                       /usr/lib/x86_64-linux-gnu/libcap.so.2.44
7f6796fe5000-7f6796fe6000 r--p 00008000 08:20 6646                       /usr/lib/x86_64-linux-gnu/libcap.so.2.44
7f6796fe6000-7f6796fe7000 rw-p 00009000 08:20 6646                       /usr/lib/x86_64-linux-gnu/libcap.so.2.44
7f6796fe7000-7f6796fe9000 r--p 00000000 08:20 6798                       /usr/lib/x86_64-linux-gnu/liblz4.so.1.9.3
7f6796fe9000-7f6797002000 r-xp 00002000 08:20 6798                       /usr/lib/x86_64-linux-gnu/liblz4.so.1.9.3
7f6797002000-7f6797004000 r--p 0001b000 08:20 6798                       /usr/lib/x86_64-linux-gnu/liblz4.so.1.9.3
7f6797004000-7f6797005000 ---p 0001d000 08:20 6798                       /usr/lib/x86_64-linux-gnu/liblz4.so.1.9.3
7f6797005000-7f6797006000 r--p 0001d000 08:20 6798                       /usr/lib/x86_64-linux-gnu/liblz4.so.1.9.3
7f6797006000-7f6797007000 rw-p 0001e000 08:20 6798                       /usr/lib/x86_64-linux-gnu/liblz4.so.1.9.3
7f6797007000-7f6797008000 r--p 00000000 08:20 6631                       /usr/lib/x86_64-linux-gnu/libbrotlicommon.so.1.0.9
7f6797008000-7f6797009000 r-xp 00001000 08:20 6631                       /usr/lib/x86_64-linux-gnu/libbrotlicommon.so.1.0.9
7f6797009000-7f6797028000 r--p 00002000 08:20 6631                       /usr/lib/x86_64-linux-gnu/libbrotlicommon.so.1.0.9
7f6797028000-7f6797029000 r--p 00020000 08:20 6631                       /usr/lib/x86_64-linux-gnu/libbrotlicommon.so.1.0.9
7f6797029000-7f679702a000 rw-p 00021000 08:20 6631                       /usr/lib/x86_64-linux-gnu/libbrotlicommon.so.1.0.9
7f679702a000-7f679702c000 r--p 00000000 08:20 46938                      /usr/lib/x86_64-linux-gnu/libdatrie.so.1.4.0
7f679702c000-7f6797030000 r-xp 00002000 08:20 46938                      /usr/lib/x86_64-linux-gnu/libdatrie.so.1.4.0
7f6797030000-7f6797031000 r--p 00006000 08:20 46938                      /usr/lib/x86_64-linux-gnu/libdatrie.so.1.4.0
7f6797031000-7f6797032000 r--p 00007000 08:20 46938                      /usr/lib/x86_64-linux-gnu/libdatrie.so.1.4.0
7f6797032000-7f6797033000 rw-p 00008000 08:20 46938                      /usr/lib/x86_64-linux-gnu/libdatrie.so.1.4.0
7f6797033000-7f6797035000 r--p 00000000 08:20 6889                       /usr/lib/x86_64-linux-gnu/libpcre2-8.so.0.10.4
7f6797035000-7f67970a0000 r-xp 00002000 08:20 6889                       /usr/lib/x86_64-linux-gnu/libpcre2-8.so.0.10.4
7f67970a0000-7f67970c8000 r--p 0006d000 08:20 6889                       /usr/lib/x86_64-linux-gnu/libpcre2-8.so.0.10.4
7f67970c8000-7f67970c9000 r--p 00094000 08:20 6889                       /usr/lib/x86_64-linux-gnu/libpcre2-8.so.0.10.4
7f67970c9000-7f67970ca000 rw-p 00095000 08:20 6889                       /usr/lib/x86_64-linux-gnu/libpcre2-8.so.0.10.4
7f67970ca000-7f67970d1000 r--p 00000000 08:20 17603                      /usr/lib/x86_64-linux-gnu/libblkid.so.1.1.0
7f67970d1000-7f67970f1000 r-xp 00007000 08:20 17603                      /usr/lib/x86_64-linux-gnu/libblkid.so.1.1.0
7f67970f1000-7f67970fa000 r--p 00027000 08:20 17603                      /usr/lib/x86_64-linux-gnu/libblkid.so.1.1.0
7f67970fa000-7f67970fb000 ---p 00030000 08:20 17603                      /usr/lib/x86_64-linux-gnu/libblkid.so.1.1.0
7f67970fb000-7f6797100000 r--p 00030000 08:20 17603                      /usr/lib/x86_64-linux-gnu/libblkid.so.1.1.0
7f6797100000-7f6797101000 rw-p 00035000 08:20 17603                      /usr/lib/x86_64-linux-gnu/libblkid.so.1.1.0
7f6797101000-7f6797114000 r--p 00000000 08:20 6951                       /usr/lib/x86_64-linux-gnu/libsystemd.so.0.32.0
7f6797114000-7f6797193000 r-xp 00013000 08:20 6951                       /usr/lib/x86_64-linux-gnu/libsystemd.so.0.32.0
7f6797193000-7f67971be000 r--p 00092000 08:20 6951                       /usr/lib/x86_64-linux-gnu/libsystemd.so.0.32.0
7f67971be000-7f67971bf000 ---p 000bd000 08:20 6951                       /usr/lib/x86_64-linux-gnu/libsystemd.so.0.32.0
7f67971bf000-7f67971c6000 r--p 000bd000 08:20 6951                       /usr/lib/x86_64-linux-gnu/libsystemd.so.0.32.0
7f67971c6000-7f67971c7000 rw-p 000c4000 08:20 6951                       /usr/lib/x86_64-linux-gnu/libsystemd.so.0.32.0
7f67971c7000-7f67971c8000 rw-p 00000000 00:00 0 
7f67971c8000-7f67971c9000 r--p 00000000 08:20 6633                       /usr/lib/x86_64-linux-gnu/libbrotlidec.so.1.0.9
7f67971c9000-7f67971d1000 r-xp 00001000 08:20 6633                       /usr/lib/x86_64-linux-gnu/libbrotlidec.so.1.0.9
7f67971d1000-7f67971d4000 r--p 00009000 08:20 6633                       /usr/lib/x86_64-linux-gnu/libbrotlidec.so.1.0.9
7f67971d4000-7f67971d5000 r--p 0000b000 08:20 6633                       /usr/lib/x86_64-linux-gnu/libbrotlidec.so.1.0.9
7f67971d5000-7f67971d6000 rw-p 0000c000 08:20 6633                       /usr/lib/x86_64-linux-gnu/libbrotlidec.so.1.0.9
7f67971d6000-7f67971d8000 r--p 00000000 08:20 23308                      /usr/lib/x86_64-linux-gnu/libuuid.so.1.3.0
7f67971d8000-7f67971dc000 r-xp 00002000 08:20 23308                      /usr/lib/x86_64-linux-gnu/libuuid.so.1.3.0
7f67971dc000-7f67971dd000 r--p 00006000 08:20 23308                      /usr/lib/x86_64-linux-gnu/libuuid.so.1.3.0
7f67971dd000-7f67971de000 r--p 00006000 08:20 23308                      /usr/lib/x86_64-linux-gnu/libuuid.so.1.3.0
7f67971de000-7f67971df000 rw-p 00007000 08:20 23308                      /usr/lib/x86_64-linux-gnu/libuuid.so.1.3.0
7f67971df000-7f67971e2000 r--p 00000000 08:20 31068                      /usr/lib/x86_64-linux-gnu/libgraphite2.so.3.2.1
7f67971e2000-7f67971ff000 r-xp 00003000 08:20 31068                      /usr/lib/x86_64-linux-gnu/libgraphite2.so.3.2.1
7f67971ff000-7f6797203000 r--p 00020000 08:20 31068                      /usr/lib/x86_64-linux-gnu/libgraphite2.so.3.2.1
7f6797203000-7f6797205000 r--p 00023000 08:20 31068                      /usr/lib/x86_64-linux-gnu/libgraphite2.so.3.2.1
7f6797205000-7f6797206000 rw-p 00025000 08:20 31068                      /usr/lib/x86_64-linux-gnu/libgraphite2.so.3.2.1
7f6797206000-7f6797208000 r--p 00000000 08:20 6887                       /usr/lib/x86_64-linux-gnu/libpcre.so.3.13.3
7f6797208000-7f679725d000 r-xp 00002000 08:20 6887                       /usr/lib/x86_64-linux-gnu/libpcre.so.3.13.3
7f679725d000-7f679727a000 r--p 00057000 08:20 6887                       /usr/lib/x86_64-linux-gnu/libpcre.so.3.13.3
7f679727a000-7f679727b000 r--p 00073000 08:20 6887                       /usr/lib/x86_64-linux-gnu/libpcre.so.3.13.3
7f679727b000-7f679727c000 rw-p 00074000 08:20 6887                       /usr/lib/x86_64-linux-gnu/libpcre.so.3.13.3
7f679727c000-7f679727e000 r--p 00000000 08:20 46987                      /usr/lib/x86_64-linux-gnu/libthai.so.0.3.1
7f679727e000-7f6797282000 r-xp 00002000 08:20 46987                      /usr/lib/x86_64-linux-gnu/libthai.so.0.3.1
7f6797282000-7f6797285000 r--p 00006000 08:20 46987                      /usr/lib/x86_64-linux-gnu/libthai.so.0.3.1
7f6797285000-7f6797286000 r--p 00008000 08:20 46987                      /usr/lib/x86_64-linux-gnu/libthai.so.0.3.1
7f6797286000-7f6797287000 rw-p 00009000 08:20 46987                      /usr/lib/x86_64-linux-gnu/libthai.so.0.3.1
7f6797287000-7f679728d000 r--p 00000000 08:20 6928                       /usr/lib/x86_64-linux-gnu/libselinux.so.1
7f679728d000-7f67972a7000 r-xp 00006000 08:20 6928                       /usr/lib/x86_64-linux-gnu/libselinux.so.1
7f67972a7000-7f67972ae000 r--p 00020000 08:20 6928                       /usr/lib/x86_64-linux-gnu/libselinux.so.1
7f67972ae000-7f67972af000 ---p 00027000 08:20 6928                       /usr/lib/x86_64-linux-gnu/libselinux.so.1
7f67972af000-7f67972b0000 r--p 00027000 08:20 6928                       /usr/lib/x86_64-linux-gnu/libselinux.so.1
7f67972b0000-7f67972b1000 rw-p 00028000 08:20 6928                       /usr/lib/x86_64-linux-gnu/libselinux.so.1
7f67972b1000-7f67972b3000 rw-p 00000000 00:00 0 
7f67972b3000-7f67972bb000 r--p 00000000 08:20 9938                       /usr/lib/x86_64-linux-gnu/libmount.so.1.1.0
7f67972bb000-7f67972e7000 r-xp 00008000 08:20 9938                       /usr/lib/x86_64-linux-gnu/libmount.so.1.1.0
7f67972e7000-7f67972f4000 r--p 00034000 08:20 9938                       /usr/lib/x86_64-linux-gnu/libmount.so.1.1.0
7f67972f4000-7f67972f5000 ---p 00041000 08:20 9938                       /usr/lib/x86_64-linux-gnu/libmount.so.1.1.0
7f67972f5000-7f67972f6000 r--p 00041000 08:20 9938                       /usr/lib/x86_64-linux-gnu/libmount.so.1.1.0
7f67972f6000-7f67972f7000 rw-p 00042000 08:20 9938                       /usr/lib/x86_64-linux-gnu/libmount.so.1.1.0
7f67972f7000-7f6797306000 r--p 00000000 08:20 30569                      /usr/lib/x86_64-linux-gnu/libatspi.so.0.0.1
7f6797306000-7f679731f000 r-xp 0000f000 08:20 30569                      /usr/lib/x86_64-linux-gnu/libatspi.so.0.0.1
7f679731f000-7f679732d000 r--p 00028000 08:20 30569                      /usr/lib/x86_64-linux-gnu/libatspi.so.0.0.1
7f679732d000-7f6797330000 r--p 00035000 08:20 30569                      /usr/lib/x86_64-linux-gnu/libatspi.so.0.0.1
7f6797330000-7f6797331000 rw-p 00038000 08:20 30569                      /usr/lib/x86_64-linux-gnu/libatspi.so.0.0.1
7f6797331000-7f679733c000 r--p 00000000 08:20 6667                       /usr/lib/x86_64-linux-gnu/libdbus-1.so.3.19.13
7f679733c000-7f679736a000 r-xp 0000b000 08:20 6667                       /usr/lib/x86_64-linux-gnu/libdbus-1.so.3.19.13
7f679736a000-7f679737c000 r--p 00039000 08:20 6667                       /usr/lib/x86_64-linux-gnu/libdbus-1.so.3.19.13
7f679737c000-7f679737d000 ---p 0004b000 08:20 6667                       /usr/lib/x86_64-linux-gnu/libdbus-1.so.3.19.13
7f679737d000-7f679737e000 r--p 0004b000 08:20 6667                       /usr/lib/x86_64-linux-gnu/libdbus-1.so.3.19.13
7f679737e000-7f679737f000 rw-p 0004c000 08:20 6667                       /usr/lib/x86_64-linux-gnu/libdbus-1.so.3.19.13
7f679737f000-7f6797383000 r--p 00000000 08:20 30855                      /usr/lib/x86_64-linux-gnu/libjpeg.so.8.2.2
7f6797383000-7f67973cc000 r-xp 00004000 08:20 30855                      /usr/lib/x86_64-linux-gnu/libjpeg.so.8.2.2
7f67973cc000-7f67973fe000 r--p 0004d000 08:20 30855                      /usr/lib/x86_64-linux-gnu/libjpeg.so.8.2.2
7f67973fe000-7f67973ff000 r--p 0007e000 08:20 30855                      /usr/lib/x86_64-linux-gnu/libjpeg.so.8.2.2
7f67973ff000-7f6797400000 rw-p 0007f000 08:20 30855                      /usr/lib/x86_64-linux-gnu/libjpeg.so.8.2.2
7f6797400000-7f6797405000 r--p 00000000 08:20 46895                      /usr/lib/x86_64-linux-gnu/libxcb-render.so.0.0.0
7f6797405000-7f679740a000 r-xp 00005000 08:20 46895                      /usr/lib/x86_64-linux-gnu/libxcb-render.so.0.0.0
7f679740a000-7f679740c000 r--p 0000a000 08:20 46895                      /usr/lib/x86_64-linux-gnu/libxcb-render.so.0.0.0
7f679740c000-7f679740d000 ---p 0000c000 08:20 46895                      /usr/lib/x86_64-linux-gnu/libxcb-render.so.0.0.0
7f679740d000-7f679740e000 r--p 0000c000 08:20 46895                      /usr/lib/x86_64-linux-gnu/libxcb-render.so.0.0.0
7f679740e000-7f679740f000 rw-p 0000d000 08:20 46895                      /usr/lib/x86_64-linux-gnu/libxcb-render.so.0.0.0
7f679740f000-7f6797414000 r--p 00000000 08:20 6905                       /usr/lib/x86_64-linux-gnu/libpng16.so.16.37.0
7f6797414000-7f679743d000 r-xp 00005000 08:20 6905                       /usr/lib/x86_64-linux-gnu/libpng16.so.16.37.0
7f679743d000-7f6797448000 r--p 0002e000 08:20 6905                       /usr/lib/x86_64-linux-gnu/libpng16.so.16.37.0
7f6797448000-7f6797449000 r--p 00038000 08:20 6905                       /usr/lib/x86_64-linux-gnu/libpng16.so.16.37.0
7f6797449000-7f679744a000 rw-p 00039000 08:20 6905                       /usr/lib/x86_64-linux-gnu/libpng16.so.16.37.0
7f679744a000-7f6797457000 r--p 00000000 08:20 30877                      /usr/lib/x86_64-linux-gnu/libfreetype.so.6.18.1
7f6797457000-7f67974e0000 r-xp 0000d000 08:20 30877                      /usr/lib/x86_64-linux-gnu/libfreetype.so.6.18.1
7f67974e0000-7f6797509000 r--p 00096000 08:20 30877                      /usr/lib/x86_64-linux-gnu/libfreetype.so.6.18.1
7f6797509000-7f679750a000 ---p 000bf000 08:20 30877                      /usr/lib/x86_64-linux-gnu/libfreetype.so.6.18.1
7f679750a000-7f6797511000 r--p 000bf000 08:20 30877                      /usr/lib/x86_64-linux-gnu/libfreetype.so.6.18.1
7f6797511000-7f6797512000 rw-p 000c6000 08:20 30877                      /usr/lib/x86_64-linux-gnu/libfreetype.so.6.18.1
7f6797512000-7f679751c000 r--p 00000000 08:20 46881                      /usr/lib/x86_64-linux-gnu/libpixman-1.so.0.40.0
7f679751c000-7f67975a2000 r-xp 0000a000 08:20 46881                      /usr/lib/x86_64-linux-gnu/libpixman-1.so.0.40.0
7f67975a2000-7f67975b4000 r--p 00090000 08:20 46881                      /usr/lib/x86_64-linux-gnu/libpixman-1.so.0.40.0
7f67975b4000-7f67975bc000 r--p 000a1000 08:20 46881                      /usr/lib/x86_64-linux-gnu/libpixman-1.so.0.40.0
7f67975bc000-7f67975bd000 rw-p 000a9000 08:20 46881                      /usr/lib/x86_64-linux-gnu/libpixman-1.so.0.40.0
7f67975bd000-7f67975c2000 r--p 00000000 08:20 26294                      /usr/lib/x86_64-linux-gnu/libwayland-client.so.0.20.0
7f67975c2000-7f67975c8000 r-xp 00005000 08:20 26294                      /usr/lib/x86_64-linux-gnu/libwayland-client.so.0.20.0
7f67975c8000-7f67975ca000 r--p 0000b000 08:20 26294                      /usr/lib/x86_64-linux-gnu/libwayland-client.so.0.20.0
7f67975ca000-7f67975cb000 ---p 0000d000 08:20 26294                      /usr/lib/x86_64-linux-gnu/libwayland-client.so.0.20.0
7f67975cb000-7f67975cd000 r--p 0000d000 08:20 26294                      /usr/lib/x86_64-linux-gnu/libwayland-client.so.0.20.0
7f67975cd000-7f67975ce000 rw-p 0000f000 08:20 26294                      /usr/lib/x86_64-linux-gnu/libwayland-client.so.0.20.0
7f67975ce000-7f67975d7000 r--p 00000000 08:20 31082                      /usr/lib/x86_64-linux-gnu/libharfbuzz.so.0.20704.0
7f67975d7000-7f6797668000 r-xp 00009000 08:20 31082                      /usr/lib/x86_64-linux-gnu/libharfbuzz.so.0.20704.0
7f6797668000-7f679769a000 r--p 0009a000 08:20 31082                      /usr/lib/x86_64-linux-gnu/libharfbuzz.so.0.20704.0
7f679769a000-7f679769b000 ---p 000cc000 08:20 31082                      /usr/lib/x86_64-linux-gnu/libharfbuzz.so.0.20704.0
7f679769b000-7f679769c000 r--p 000cc000 08:20 31082                      /usr/lib/x86_64-linux-gnu/libharfbuzz.so.0.20704.0
7f679769c000-7f679769d000 rw-p 000cd000 08:20 31082                      /usr/lib/x86_64-linux-gnu/libharfbuzz.so.0.20704.0
7f679769d000-7f67976ba000 r--p 00000000 08:20 6721                       /usr/lib/x86_64-linux-gnu/libglib-2.0.so.0.7200.4
7f67976ba000-7f6797749000 r-xp 0001d000 08:20 6721                       /usr/lib/x86_64-linux-gnu/libglib-2.0.so.0.7200.4
7f6797749000-7f67977d3000 r--p 000ac000 08:20 6721                       /usr/lib/x86_64-linux-gnu/libglib-2.0.so.0.7200.4
7f67977d3000-7f67977d4000 ---p 00136000 08:20 6721                       /usr/lib/x86_64-linux-gnu/libglib-2.0.so.0.7200.4
7f67977d4000-7f67977d5000 r--p 00136000 08:20 6721                       /usr/lib/x86_64-linux-gnu/libglib-2.0.so.0.7200.4
7f67977d5000-7f67977d6000 rw-p 00137000 08:20 6721                       /usr/lib/x86_64-linux-gnu/libglib-2.0.so.0.7200.4
7f67977d6000-7f67977d7000 rw-p 00000000 00:00 0 
7f67977d7000-7f679785b000 r--p 00000000 08:20 26403                      /usr/lib/x86_64-linux-gnu/libgtk-3.so.0.2404.29
7f679785b000-7f6797bde000 r-xp 00084000 08:20 26403                      /usr/lib/x86_64-linux-gnu/libgtk-3.so.0.2404.29
7f6797bde000-7f6797fe9000 r--p 00407000 08:20 26403                      /usr/lib/x86_64-linux-gnu/libgtk-3.so.0.2404.29
7f6797fe9000-7f6797ff9000 r--p 00811000 08:20 26403                      /usr/lib/x86_64-linux-gnu/libgtk-3.so.0.2404.29
7f6797ff9000-7f6797ffb000 rw-p 00821000 08:20 26403                      /usr/lib/x86_64-linux-gnu/libgtk-3.so.0.2404.29
7f6797ffb000-7f6798000000 rw-p 00000000 00:00 0 
7f6798000000-7f6798021000 rw-p 00000000 00:00 0 
7f6798021000-7f679c000000 ---p 00000000 00:00 0 
7f679c000000-7f679c002000 r--p 00000000 08:20 31862                      /usr/lib/x86_64-linux-gnu/libXrender.so.1.3.0
7f679c002000-7f679c009000 r-xp 00002000 08:20 31862                      /usr/lib/x86_64-linux-gnu/libXrender.so.1.3.0
7f679c009000-7f679c00b000 r--p 00009000 08:20 31862                      /usr/lib/x86_64-linux-gnu/libXrender.so.1.3.0
7f679c00b000-7f679c00c000 r--p 0000a000 08:20 31862                      /usr/lib/x86_64-linux-gnu/libXrender.so.1.3.0
7f679c00c000-7f679c00d000 rw-p 0000b000 08:20 31862                      /usr/lib/x86_64-linux-gnu/libXrender.so.1.3.0
7f679c00d000-7f679c011000 r--p 00000000 08:20 26334                      /usr/lib/x86_64-linux-gnu/libxkbcommon.so.0.0.0
7f679c011000-7f679c030000 r-xp 00004000 08:20 26334                      /usr/lib/x86_64-linux-gnu/libxkbcommon.so.0.0.0
7f679c030000-7f679c051000 r--p 00023000 08:20 26334                      /usr/lib/x86_64-linux-gnu/libxkbcommon.so.0.0.0
7f679c051000-7f679c053000 r--p 00043000 08:20 26334                      /usr/lib/x86_64-linux-gnu/libxkbcommon.so.0.0.0
7f679c053000-7f679c054000 rw-p 00045000 08:20 26334                      /usr/lib/x86_64-linux-gnu/libxkbcommon.so.0.0.0
7f679c054000-7f679c05b000 r--p 00000000 08:20 31013                      /usr/lib/x86_64-linux-gnu/libfontconfig.so.1.12.0
7f679c05b000-7f679c084000 r-xp 00007000 08:20 31013                      /usr/lib/x86_64-linux-gnu/libfontconfig.so.1.12.0
7f679c084000-7f679c09a000 r--p 00030000 08:20 31013                      /usr/lib/x86_64-linux-gnu/libfontconfig.so.1.12.0
7f679c09a000-7f679c09b000 ---p 00046000 08:20 31013                      /usr/lib/x86_64-linux-gnu/libfontconfig.so.1.12.0
7f679c09b000-7f679c09d000 r--p 00046000 08:20 31013                      /usr/lib/x86_64-linux-gnu/libfontconfig.so.1.12.0
7f679c09d000-7f679c09e000 rw-p 00048000 08:20 31013                      /usr/lib/x86_64-linux-gnu/libfontconfig.so.1.12.0
7f679c09e000-7f679c0d6000 r--p 00000000 08:20 6717                       /usr/lib/x86_64-linux-gnu/libgio-2.0.so.0.7200.4
7f679c0d6000-7f679c1e7000 r-xp 00038000 08:20 6717                       /usr/lib/x86_64-linux-gnu/libgio-2.0.so.0.7200.4
7f679c1e7000-7f679c26c000 r--p 00149000 08:20 6717                       /usr/lib/x86_64-linux-gnu/libgio-2.0.so.0.7200.4
7f679c26c000-7f679c274000 r--p 001cd000 08:20 6717                       /usr/lib/x86_64-linux-gnu/libgio-2.0.so.0.7200.4
7f679c274000-7f679c275000 rw-p 001d5000 08:20 6717                       /usr/lib/x86_64-linux-gnu/libgio-2.0.so.0.7200.4
7f679c275000-7f679c277000 rw-p 00000000 00:00 0 
7f679c277000-7f679c2d7000 r--p 00000000 08:20 26281                      /usr/lib/x86_64-linux-gnu/libepoxy.so.0.0.0
7f679c2d7000-7f679c340000 r-xp 00060000 08:20 26281                      /usr/lib/x86_64-linux-gnu/libepoxy.so.0.0.0
7f679c340000-7f679c39d000 r--p 000c9000 08:20 26281                      /usr/lib/x86_64-linux-gnu/libepoxy.so.0.0.0
7f679c39d000-7f679c3a5000 r--p 00125000 08:20 26281                      /usr/lib/x86_64-linux-gnu/libepoxy.so.0.0.0
7f679c3a5000-7f679c3ac000 rw-p 0012d000 08:20 26281                      /usr/lib/x86_64-linux-gnu/libepoxy.so.0.0.0
7f679c3ac000-7f679c3be000 r--p 00000000 08:20 46908                      /usr/lib/x86_64-linux-gnu/libcairo.so.2.11600.0
7f679c3be000-7f679c491000 r-xp 00012000 08:20 46908                      /usr/lib/x86_64-linux-gnu/libcairo.so.2.11600.0
7f679c491000-7f679c4ce000 r--p 000e5000 08:20 46908                      /usr/lib/x86_64-linux-gnu/libcairo.so.2.11600.0
7f679c4ce000-7f679c4d2000 r--p 00121000 08:20 46908                      /usr/lib/x86_64-linux-gnu/libcairo.so.2.11600.0
7f679c4d2000-7f679c4d3000 rw-p 00125000 08:20 46908                      /usr/lib/x86_64-linux-gnu/libcairo.so.2.11600.0
7f679c4d3000-7f679c4d4000 rw-p 00000000 00:00 0 
7f679c4d4000-7f679c4ff000 r--p 00000000 08:20 26400                      /usr/lib/x86_64-linux-gnu/libgdk-3.so.0.2404.29
7f679c4ff000-7f679c582000 r-xp 0002b000 08:20 26400                      /usr/lib/x86_64-linux-gnu/libgdk-3.so.0.2404.29
7f679c582000-7f679c5cf000 r--p 000ae000 08:20 26400                      /usr/lib/x86_64-linux-gnu/libgdk-3.so.0.2404.29
7f679c5cf000-7f679c5d8000 r--p 000fa000 08:20 26400                      /usr/lib/x86_64-linux-gnu/libgdk-3.so.0.2404.29
7f679c5d8000-7f679c5da000 rw-p 00103000 08:20 26400                      /usr/lib/x86_64-linux-gnu/libgdk-3.so.0.2404.29
7f679c5da000-7f679c5db000 rw-p 00000000 00:00 0 
7f679c6db000-7f679c6dc000 ---p 00000000 00:00 0 
7f679c6dc000-7f679cedc000 rw-p 00000000 00:00 0 
7f679cedf000-7f679cee1000 r--p 00000000 08:20 26307                      /usr/lib/x86_64-linux-gnu/libwayland-cursor.so.0.20.0
7f679cee1000-7f679cee3000 r-xp 00002000 08:20 26307                      /usr/lib/x86_64-linux-gnu/libwayland-cursor.so.0.20.0
7f679cee3000-7f679cee4000 r--p 00004000 08:20 26307                      /usr/lib/x86_64-linux-gnu/libwayland-cursor.so.0.20.0
7f679cee4000-7f679cee5000 r--p 00004000 08:20 26307                      /usr/lib/x86_64-linux-gnu/libwayland-cursor.so.0.20.0
7f679cee5000-7f679cee9000 rw-p 00005000 08:20 26307                      /usr/lib/x86_64-linux-gnu/libwayland-cursor.so.0.20.0
7f679cee9000-7f679ceeb000 r--p 00000000 08:20 47041                      /usr/lib/x86_64-linux-gnu/libXcursor.so.1.0.2
7f679ceeb000-7f679cef1000 r-xp 00002000 08:20 47041                      /usr/lib/x86_64-linux-gnu/libXcursor.so.1.0.2
7f679cef1000-7f679cef3000 r--p 00008000 08:20 47041                      /usr/lib/x86_64-linux-gnu/libXcursor.so.1.0.2
7f679cef3000-7f679cef4000 r--p 00009000 08:20 47041                      /usr/lib/x86_64-linux-gnu/libXcursor.so.1.0.2
7f679cef4000-7f679cef5000 rw-p 0000a000 08:20 47041                      /usr/lib/x86_64-linux-gnu/libXcursor.so.1.0.2
7f679cef5000-7f679cf07000 r--p 00000000 08:20 47000                      /usr/lib/x86_64-linux-gnu/libpango-1.0.so.0.5000.6
7f679cf07000-7f679cf3c000 r-xp 00012000 08:20 47000                      /usr/lib/x86_64-linux-gnu/libpango-1.0.so.0.5000.6
7f679cf3c000-7f679cf57000 r--p 00047000 08:20 47000                      /usr/lib/x86_64-linux-gnu/libpango-1.0.so.0.5000.6
7f679cf57000-7f679cf5b000 r--p 00061000 08:20 47000                      /usr/lib/x86_64-linux-gnu/libpango-1.0.so.0.5000.6
7f679cf5b000-7f679cf5c000 rw-p 00065000 08:20 47000                      /usr/lib/x86_64-linux-gnu/libpango-1.0.so.0.5000.6
7f679cf7c000-7f679cf7d000 r--p 00000000 08:20 6746                       /usr/lib/x86_64-linux-gnu/libgthread-2.0.so.0.7200.4
7f679cf7d000-7f679cf7e000 r-xp 00001000 08:20 6746                       /usr/lib/x86_64-linux-gnu/libgthread-2.0.so.0.7200.4
7f679cf7e000-7f679cf7f000 r--p 00002000 08:20 6746                       /usr/lib/x86_64-linux-gnu/libgthread-2.0.so.0.7200.4
7f679cf7f000-7f679cf80000 r--p 00002000 08:20 6746                       /usr/lib/x86_64-linux-gnu/libgthread-2.0.so.0.7200.4
7f679cf80000-7f679cf81000 rw-p 00003000 08:20 6746                       /usr/lib/x86_64-linux-gnu/libgthread-2.0.so.0.7200.4
7f679cf81000-7f679cf90000 r--p 00000000 08:20 6729                       /usr/lib/x86_64-linux-gnu/libgobject-2.0.so.0.7200.4
7f679cf90000-7f679cfc3000 r-xp 0000f000 08:20 6729                       /usr/lib/x86_64-linux-gnu/libgobject-2.0.so.0.7200.4
7f679cfc3000-7f679cfdd000 r--p 00042000 08:20 6729                       /usr/lib/x86_64-linux-gnu/libgobject-2.0.so.0.7200.4
7f679cfdd000-7f679cfe0000 r--p 0005b000 08:20 6729                       /usr/lib/x86_64-linux-gnu/libgobject-2.0.so.0.7200.4
7f679cfe0000-7f679cfe1000 rw-p 0005e000 08:20 6729                       /usr/lib/x86_64-linux-gnu/libgobject-2.0.so.0.7200.4
7f679cfe1000-7f679cfe8000 r--p 00000000 08:20 47016                      /usr/lib/x86_64-linux-gnu/libpangoft2-1.0.so.0.5000.6
7f679cfe8000-7f679cff5000 r-xp 00007000 08:20 47016                      /usr/lib/x86_64-linux-gnu/libpangoft2-1.0.so.0.5000.6
7f679cff5000-7f679cff9000 r--p 00014000 08:20 47016                      /usr/lib/x86_64-linux-gnu/libpangoft2-1.0.so.0.5000.6
7f679cff9000-7f679cffa000 ---p 00018000 08:20 47016                      /usr/lib/x86_64-linux-gnu/libpangoft2-1.0.so.0.5000.6
7f679cffa000-7f679cffb000 r--p 00018000 08:20 47016                      /usr/lib/x86_64-linux-gnu/libpangoft2-1.0.so.0.5000.6
7f679cffb000-7f679cffc000 rw-p 00019000 08:20 47016                      /usr/lib/x86_64-linux-gnu/libpangoft2-1.0.so.0.5000.6
7f679dbfc000-7f679dbfd000 ---p 00000000 00:00 0 
7f679dbfd000-7f679e3fd000 rw-p 00000000 00:00 0 
7f679e3fd000-7f679e3fe000 ---p 00000000 00:00 0 
7f679e3fe000-7f679ebfe000 rw-p 00000000 00:00 0 
7f679ebfe000-7f679ebff000 ---p 00000000 00:00 0 
7f679ebff000-7f679f3ff000 rw-p 00000000 00:00 0 
7f679f3ff000-7f679f400000 ---p 00000000 00:00 0 
7f679f400000-7f679fc00000 rw-p 00000000 00:00 0 
7f67a0000000-7f67a002a000 rw-p 00000000 00:00 0 
7f67a002a000-7f67a4000000 ---p 00000000 00:00 0 
7f67a4003000-7f67a4005000 r--p 00000000 08:20 6706                       /usr/lib/x86_64-linux-gnu/libfribidi.so.0.4.0
7f67a4005000-7f67a4008000 r-xp 00002000 08:20 6706                       /usr/lib/x86_64-linux-gnu/libfribidi.so.0.4.0
7f67a4008000-7f67a401d000 r--p 00005000 08:20 6706                       /usr/lib/x86_64-linux-gnu/libfribidi.so.0.4.0
7f67a401d000-7f67a401e000 r--p 00019000 08:20 6706                       /usr/lib/x86_64-linux-gnu/libfribidi.so.0.4.0
7f67a401e000-7f67a401f000 rw-p 0001a000 08:20 6706                       /usr/lib/x86_64-linux-gnu/libfribidi.so.0.4.0
7f67a401f000-7f67a402b000 r--p 00000000 08:20 32140                      /usr/lib/x86_64-linux-gnu/libatk-bridge-2.0.so.0.0.0
7f67a402b000-7f67a4044000 r-xp 0000c000 08:20 32140                      /usr/lib/x86_64-linux-gnu/libatk-bridge-2.0.so.0.0.0
7f67a4044000-7f67a4053000 r--p 00025000 08:20 32140                      /usr/lib/x86_64-linux-gnu/libatk-bridge-2.0.so.0.0.0
7f67a4053000-7f67a4054000 ---p 00034000 08:20 32140                      /usr/lib/x86_64-linux-gnu/libatk-bridge-2.0.so.0.0.0
7f67a4054000-7f67a4055000 r--p 00034000 08:20 32140                      /usr/lib/x86_64-linux-gnu/libatk-bridge-2.0.so.0.0.0
7f67a4055000-7f67a4057000 rw-p 00035000 08:20 32140                      /usr/lib/x86_64-linux-gnu/libatk-bridge-2.0.so.0.0.0
7f67a4057000-7f67a5446000 r--p 00000000 00:1c 562949953631383            /usr/lib/wsl/drivers/nvhmig.inf_amd64_f2b0ffb41c9691ca/libnvwgf2umx.so
7f67a5446000-7f67a708a000 r-xp 013ef000 00:1c 562949953631383            /usr/lib/wsl/drivers/nvhmig.inf_amd64_f2b0ffb41c9691ca/libnvwgf2umx.so
7f67a708a000-7f67a7194000 r--p 03033000 00:1c 562949953631383            /usr/lib/wsl/drivers/nvhmig.inf_amd64_f2b0ffb41c9691ca/libnvwgf2umx.so
7f67a7194000-7f67a8fbd000 rw-p 0313d000 00:1c 562949953631383            /usr/lib/wsl/drivers/nvhmig.inf_amd64_f2b0ffb41c9691ca/libnvwgf2umx.so
7f67a8fbd000-7f67a900e000 rw-p 00000000 00:00 0 
7f67a900e000-7f67af720000 r-xp 00000000 08:20 31739                      /usr/lib/x86_64-linux-gnu/libLLVM-15.so.1
7f67af720000-7f67aff3e000 r--p 06711000 08:20 31739                      /usr/lib/x86_64-linux-gnu/libLLVM-15.so.1
7f67aff3e000-7f67aff84000 rw-p 06f2f000 08:20 31739                      /usr/lib/x86_64-linux-gnu/libLLVM-15.so.1
7f67aff84000-7f67b0000000 rw-p 00000000 00:00 0 
7f67b0000000-7f67b0021000 rw-p 00000000 00:00 0 
7f67b0021000-7f67b4000000 ---p 00000000 00:00 0 
7f67b4000000-7f67b4708000 rw-p 00000000 00:00 0 
7f67b4708000-7f67b8000000 ---p 00000000 00:00 0 
7f67b8000000-7f67b8380000 rw-p 00000000 00:00 0 
7f67b8380000-7f67bc000000 ---p 00000000 00:00 0 
7f67bc000000-7f67bc941000 rw-p 00000000 00:00 0 
7f67bc941000-7f67c0000000 ---p 00000000 00:00 0 
7f67c0000000-7f67c043d000 rw-p 00000000 00:00 0 
7f67c043d000-7f67c4000000 ---p 00000000 00:00 0 
7f67c4000000-7f67c4021000 rw-p 00000000 00:00 0 
7f67c4021000-7f67c8000000 ---p 00000000 00:00 0 
7f67c8000000-7f67c8021000 rw-p 00000000 00:00 0 
7f67c8021000-7f67cc000000 ---p 00000000 00:00 0 
7f67cc000000-7f67ccf6a000 rw-p 00000000 00:00 0 
7f67ccf6a000-7f67d0000000 ---p 00000000 00:00 0 
7f67d0000000-7f67d0021000 rw-p 00000000 00:00 0 
7f67d0021000-7f67d4000000 ---p 00000000 00:00 0 
7f67d4000000-7f67d4021000 rw-p 00000000 00:00 0 
7f67d4021000-7f67d8000000 ---p 00000000 00:00 0 
7f67d8000000-7f67d8021000 rw-p 00000000 00:00 0 
7f67d8021000-7f67dc000000 ---p 00000000 00:00 0 
7f67dc000000-7f67dc021000 rw-p 00000000 00:00 0 
7f67dc021000-7f67e0000000 ---p 00000000 00:00 0 
7f67e0000000-7f67e0021000 rw-p 00000000 00:00 0 
7f67e0021000-7f67e4000000 ---p 00000000 00:00 0 
7f67e4004000-7f67e4005000 r--p 00000000 08:20 26321                      /usr/lib/x86_64-linux-gnu/libwayland-egl.so.1.20.0
7f67e4005000-7f67e4006000 r-xp 00001000 08:20 26321                      /usr/lib/x86_64-linux-gnu/libwayland-egl.so.1.20.0
7f67e4006000-7f67e4007000 r--p 00002000 08:20 26321                      /usr/lib/x86_64-linux-gnu/libwayland-egl.so.1.20.0
7f67e4007000-7f67e4008000 r--p 00002000 08:20 26321                      /usr/lib/x86_64-linux-gnu/libwayland-egl.so.1.20.0
7f67e4008000-7f67e4009000 rw-p 00003000 08:20 26321                      /usr/lib/x86_64-linux-gnu/libwayland-egl.so.1.20.0
7f67e4009000-7f67e400b000 r--p 00000000 08:20 30688                      /usr/lib/x86_64-linux-gnu/libXrandr.so.2.2.0
7f67e400b000-7f67e4012000 r-xp 00002000 08:20 30688                      /usr/lib/x86_64-linux-gnu/libXrandr.so.2.2.0
7f67e4012000-7f67e4014000 r--p 00009000 08:20 30688                      /usr/lib/x86_64-linux-gnu/libXrandr.so.2.2.0
7f67e4014000-7f67e4015000 r--p 0000a000 08:20 30688                      /usr/lib/x86_64-linux-gnu/libXrandr.so.2.2.0
7f67e4015000-7f67e4016000 rw-p 0000b000 08:20 30688                      /usr/lib/x86_64-linux-gnu/libXrandr.so.2.2.0
7f67e4016000-7f67e4017000 rwxp 00000000 00:00 0 
7f67e4038000-7f67e4039000 r--p 00000000 08:20 47053                      /usr/lib/x86_64-linux-gnu/libXdamage.so.1.1.0
7f67e4039000-7f67e403a000 r-xp 00001000 08:20 47053                      /usr/lib/x86_64-linux-gnu/libXdamage.so.1.1.0
7f67e403a000-7f67e403b000 r--p 00002000 08:20 47053                      /usr/lib/x86_64-linux-gnu/libXdamage.so.1.1.0
7f67e403b000-7f67e403c000 r--p 00002000 08:20 47053                      /usr/lib/x86_64-linux-gnu/libXdamage.so.1.1.0
7f67e403c000-7f67e403d000 rw-p 00003000 08:20 47053                      /usr/lib/x86_64-linux-gnu/libXdamage.so.1.1.0
7f67e403d000-7f67e403e000 r--p 00000000 08:20 32252                      /usr/lib/x86_64-linux-gnu/libXcomposite.so.1.0.0
7f67e403e000-7f67e403f000 r-xp 00001000 08:20 32252                      /usr/lib/x86_64-linux-gnu/libXcomposite.so.1.0.0
7f67e403f000-7f67e4040000 r--p 00002000 08:20 32252                      /usr/lib/x86_64-linux-gnu/libXcomposite.so.1.0.0
7f67e4040000-7f67e4041000 r--p 00002000 08:20 32252                      /usr/lib/x86_64-linux-gnu/libXcomposite.so.1.0.0
7f67e4041000-7f67e4042000 rw-p 00003000 08:20 32252                      /usr/lib/x86_64-linux-gnu/libXcomposite.so.1.0.0
7f67e4042000-7f67e4043000 r--p 00000000 08:20 30556                      /usr/lib/x86_64-linux-gnu/libXinerama.so.1.0.0
7f67e4043000-7f67e4044000 r-xp 00001000 08:20 30556                      /usr/lib/x86_64-linux-gnu/libXinerama.so.1.0.0
7f67e4044000-7f67e4045000 r--p 00002000 08:20 30556                      /usr/lib/x86_64-linux-gnu/libXinerama.so.1.0.0
7f67e4045000-7f67e4046000 r--p 00003000 08:20 30556                      /usr/lib/x86_64-linux-gnu/libXinerama.so.1.0.0
7f67e4046000-7f67e4047000 rw-p 00004000 08:20 30556                      /usr/lib/x86_64-linux-gnu/libXinerama.so.1.0.0
7f67e4047000-7f67e404f000 r--p 00000000 08:20 33425                      /usr/lib/x86_64-linux-gnu/libgdk_pixbuf-2.0.so.0.4200.8
7f67e404f000-7f67e406a000 r-xp 00008000 08:20 33425                      /usr/lib/x86_64-linux-gnu/libgdk_pixbuf-2.0.so.0.4200.8
7f67e406a000-7f67e4074000 r--p 00023000 08:20 33425                      /usr/lib/x86_64-linux-gnu/libgdk_pixbuf-2.0.so.0.4200.8
7f67e4074000-7f67e4075000 ---p 0002d000 08:20 33425                      /usr/lib/x86_64-linux-gnu/libgdk_pixbuf-2.0.so.0.4200.8
7f67e4075000-7f67e4076000 r--p 0002d000 08:20 33425                      /usr/lib/x86_64-linux-gnu/libgdk_pixbuf-2.0.so.0.4200.8
7f67e4076000-7f67e4077000 rw-p 0002e000 08:20 33425                      /usr/lib/x86_64-linux-gnu/libgdk_pixbuf-2.0.so.0.4200.8
7f67e4097000-7f67e40a2000 r--p 00000000 08:20 32126                      /usr/lib/x86_64-linux-gnu/libatk-1.0.so.0.23609.1
7f67e40a2000-7f67e40b1000 r-xp 0000b000 08:20 32126                      /usr/lib/x86_64-linux-gnu/libatk-1.0.so.0.23609.1
7f67e40b1000-7f67e40bd000 r--p 0001a000 08:20 32126                      /usr/lib/x86_64-linux-gnu/libatk-1.0.so.0.23609.1
7f67e40bd000-7f67e40c0000 r--p 00025000 08:20 32126                      /usr/lib/x86_64-linux-gnu/libatk-1.0.so.0.23609.1
7f67e40c0000-7f67e40c1000 rw-p 00028000 08:20 32126                      /usr/lib/x86_64-linux-gnu/libatk-1.0.so.0.23609.1
7f67e40c1000-7f67e40c5000 r--p 00000000 08:20 46924                      /usr/lib/x86_64-linux-gnu/libcairo-gobject.so.2.11600.0
7f67e40c5000-7f67e40c7000 r-xp 00004000 08:20 46924                      /usr/lib/x86_64-linux-gnu/libcairo-gobject.so.2.11600.0
7f67e40c7000-7f67e40c9000 r--p 00006000 08:20 46924                      /usr/lib/x86_64-linux-gnu/libcairo-gobject.so.2.11600.0
7f67e40c9000-7f67e40ca000 ---p 00008000 08:20 46924                      /usr/lib/x86_64-linux-gnu/libcairo-gobject.so.2.11600.0
7f67e40ca000-7f67e40cc000 r--p 00008000 08:20 46924                      /usr/lib/x86_64-linux-gnu/libcairo-gobject.so.2.11600.0
7f67e40cc000-7f67e40cd000 rw-p 0000a000 08:20 46924                      /usr/lib/x86_64-linux-gnu/libcairo-gobject.so.2.11600.0
7f67e40cd000-7f67e40d0000 r--p 00000000 08:20 30557                      /usr/lib/x86_64-linux-gnu/libXi.so.6.1.0
7f67e40d0000-7f67e40dc000 r-xp 00003000 08:20 30557                      /usr/lib/x86_64-linux-gnu/libXi.so.6.1.0
7f67e40dc000-7f67e40df000 r--p 0000f000 08:20 30557                      /usr/lib/x86_64-linux-gnu/libXi.so.6.1.0
7f67e40df000-7f67e40e0000 r--p 00011000 08:20 30557                      /usr/lib/x86_64-linux-gnu/libXi.so.6.1.0
7f67e40e0000-7f67e40e1000 rw-p 00012000 08:20 30557                      /usr/lib/x86_64-linux-gnu/libXi.so.6.1.0
7f67e40e1000-7f67e40e6000 r--p 00000000 08:20 47029                      /usr/lib/x86_64-linux-gnu/libpangocairo-1.0.so.0.5000.6
7f67e40e6000-7f67e40ee000 r-xp 00005000 08:20 47029                      /usr/lib/x86_64-linux-gnu/libpangocairo-1.0.so.0.5000.6
7f67e40ee000-7f67e40f0000 r--p 0000d000 08:20 47029                      /usr/lib/x86_64-linux-gnu/libpangocairo-1.0.so.0.5000.6
7f67e40f0000-7f67e40f1000 ---p 0000f000 08:20 47029                      /usr/lib/x86_64-linux-gnu/libpangocairo-1.0.so.0.5000.6
7f67e40f1000-7f67e40f2000 r--p 0000f000 08:20 47029                      /usr/lib/x86_64-linux-gnu/libpangocairo-1.0.so.0.5000.6
7f67e40f2000-7f67e40f3000 rw-p 00010000 08:20 47029                      /usr/lib/x86_64-linux-gnu/libpangocairo-1.0.so.0.5000.6
7f67e40f3000-7f67e40f5000 r--p 00000000 08:20 6723                       /usr/lib/x86_64-linux-gnu/libgmodule-2.0.so.0.7200.4
7f67e40f5000-7f67e40f7000 r-xp 00002000 08:20 6723                       /usr/lib/x86_64-linux-gnu/libgmodule-2.0.so.0.7200.4
7f67e40f7000-7f67e40f8000 r--p 00004000 08:20 6723                       /usr/lib/x86_64-linux-gnu/libgmodule-2.0.so.0.7200.4
7f67e40f8000-7f67e40f9000 r--p 00004000 08:20 6723                       /usr/lib/x86_64-linux-gnu/libgmodule-2.0.so.0.7200.4
7f67e40f9000-7f67e40fa000 rw-p 00005000 08:20 6723                       /usr/lib/x86_64-linux-gnu/libgmodule-2.0.so.0.7200.4
7f67e40fa000-7f67e40fb000 r--p 00000000 08:20 26453                      /usr/lib/x86_64-linux-gnu/jni/libjavafx_font.so
7f67e40fb000-7f67e40fd000 r-xp 00001000 08:20 26453                      /usr/lib/x86_64-linux-gnu/jni/libjavafx_font.so
7f67e40fd000-7f67e40fe000 r--p 00003000 08:20 26453                      /usr/lib/x86_64-linux-gnu/jni/libjavafx_font.so
7f67e40fe000-7f67e40ff000 r--p 00003000 08:20 26453                      /usr/lib/x86_64-linux-gnu/jni/libjavafx_font.so
7f67e40ff000-7f67e4100000 rw-p 00004000 08:20 26453                      /usr/lib/x86_64-linux-gnu/jni/libjavafx_font.so
7f67e4100000-7f67e4101000 r--s 00000000 00:20 78                         /run/user/1000/dconf/user
7f67e4101000-7f67e4102000 r--p 00000000 08:20 26449                      /usr/lib/x86_64-linux-gnu/jni/libglass.so
7f67e4102000-7f67e4103000 r-xp 00001000 08:20 26449                      /usr/lib/x86_64-linux-gnu/jni/libglass.so
7f67e4103000-7f67e4104000 r--p 00002000 08:20 26449                      /usr/lib/x86_64-linux-gnu/jni/libglass.so
7f67e4104000-7f67e4105000 r--p 00002000 08:20 26449                      /usr/lib/x86_64-linux-gnu/jni/libglass.so
7f67e4105000-7f67e4106000 rw-p 00003000 08:20 26449                      /usr/lib/x86_64-linux-gnu/jni/libglass.so
7f67e4106000-7f67e4108000 r--p 00000000 08:20 26461                      /usr/lib/x86_64-linux-gnu/jni/libprism_sw.so
7f67e4108000-7f67e4113000 r-xp 00002000 08:20 26461                      /usr/lib/x86_64-linux-gnu/jni/libprism_sw.so
7f67e4113000-7f67e4115000 r--p 0000d000 08:20 26461                      /usr/lib/x86_64-linux-gnu/jni/libprism_sw.so
7f67e4115000-7f67e4116000 r--p 0000e000 08:20 26461                      /usr/lib/x86_64-linux-gnu/jni/libprism_sw.so
7f67e4116000-7f67e4117000 rw-p 0000f000 08:20 26461                      /usr/lib/x86_6